CRITICAL - 2025-08-06 06:15:15 --> ArgumentCountError: define() expects at least 2 arguments, 1 given
[Method: GET, Route: /]
in APPPATH\Controllers\Home.php on line 3.
 1 APPPATH\Controllers\Home.php(3): define('BASEPATH')
 2 SYSTEMPATH\Autoloader\Autoloader.php(315): include_once('C:\\Users\\NCGC\\Desktop\\XAMPP\\htdocs\\ITE311-MARAÑAN\\app\\Controllers\\Home.php')
 3 SYSTEMPATH\Autoloader\Autoloader.php(295): CodeIgniter\Autoloader\Autoloader->includeFile('C:\\Users\\NCGC\\Desktop\\XAMPP\\htdocs\\ITE311-MARAÑAN\\app\\Controllers\\Home.php')
 4 SYSTEMPATH\Autoloader\Autoloader.php(271): CodeIgniter\Autoloader\Autoloader->loadInNamespace('App\\Controllers\\Home')
 5 [internal function]: CodeIgniter\Autoloader\Autoloader->loadClass('App\\Controllers\\Home')
 6 SYSTEMPATH\CodeIgniter.php(885): class_exists('\\App\\Controllers\\Home', true)
 7 SYSTEMPATH\CodeIgniter.php(494): CodeIgniter\CodeIgniter->startController()
 8 SYSTEMPATH\CodeIgniter.php(354): CodeIgniter\CodeIgniter->handleRequest(null, Object(Config\Cache), false)
 9 SYSTEMPATH\Boot.php(363): CodeIgniter\CodeIgniter->run()
10 SYSTEMPATH\Boot.php(68): CodeIgniter\Boot::runCodeIgniter(Object(CodeIgniter\CodeIgniter))
11 FCPATH\index.php(59): CodeIgniter\Boot::bootWeb(Object(Config\Paths))
CRITICAL - 2025-08-06 06:15:17 --> ArgumentCountError: define() expects at least 2 arguments, 1 given
[Method: GET, Route: /]
in APPPATH\Controllers\Home.php on line 3.
 1 APPPATH\Controllers\Home.php(3): define('BASEPATH')
 2 SYSTEMPATH\Autoloader\Autoloader.php(315): include_once('C:\\Users\\NCGC\\Desktop\\XAMPP\\htdocs\\ITE311-MARAÑAN\\app\\Controllers\\Home.php')
 3 SYSTEMPATH\Autoloader\Autoloader.php(295): CodeIgniter\Autoloader\Autoloader->includeFile('C:\\Users\\NCGC\\Desktop\\XAMPP\\htdocs\\ITE311-MARAÑAN\\app\\Controllers\\Home.php')
 4 SYSTEMPATH\Autoloader\Autoloader.php(271): CodeIgniter\Autoloader\Autoloader->loadInNamespace('App\\Controllers\\Home')
 5 [internal function]: CodeIgniter\Autoloader\Autoloader->loadClass('App\\Controllers\\Home')
 6 SYSTEMPATH\CodeIgniter.php(885): class_exists('\\App\\Controllers\\Home', true)
 7 SYSTEMPATH\CodeIgniter.php(494): CodeIgniter\CodeIgniter->startController()
 8 SYSTEMPATH\CodeIgniter.php(354): CodeIgniter\CodeIgniter->handleRequest(null, Object(Config\Cache), false)
 9 SYSTEMPATH\Boot.php(363): CodeIgniter\CodeIgniter->run()
10 SYSTEMPATH\Boot.php(68): CodeIgniter\Boot::runCodeIgniter(Object(CodeIgniter\CodeIgniter))
11 FCPATH\index.php(59): CodeIgniter\Boot::bootWeb(Object(Config\Paths))
CRITICAL - 2025-08-06 06:15:22 --> ArgumentCountError: define() expects at least 2 arguments, 1 given
[Method: GET, Route: /]
in APPPATH\Controllers\Home.php on line 3.
 1 APPPATH\Controllers\Home.php(3): define('BASEPATH')
 2 SYSTEMPATH\Autoloader\Autoloader.php(315): include_once('C:\\Users\\NCGC\\Desktop\\XAMPP\\htdocs\\ITE311-MARAÑAN\\app\\Controllers\\Home.php')
 3 SYSTEMPATH\Autoloader\Autoloader.php(295): CodeIgniter\Autoloader\Autoloader->includeFile('C:\\Users\\NCGC\\Desktop\\XAMPP\\htdocs\\ITE311-MARAÑAN\\app\\Controllers\\Home.php')
 4 SYSTEMPATH\Autoloader\Autoloader.php(271): CodeIgniter\Autoloader\Autoloader->loadInNamespace('App\\Controllers\\Home')
 5 [internal function]: CodeIgniter\Autoloader\Autoloader->loadClass('App\\Controllers\\Home')
 6 SYSTEMPATH\CodeIgniter.php(885): class_exists('\\App\\Controllers\\Home', true)
 7 SYSTEMPATH\CodeIgniter.php(494): CodeIgniter\CodeIgniter->startController()
 8 SYSTEMPATH\CodeIgniter.php(354): CodeIgniter\CodeIgniter->handleRequest(null, Object(Config\Cache), false)
 9 SYSTEMPATH\Boot.php(363): CodeIgniter\CodeIgniter->run()
10 SYSTEMPATH\Boot.php(68): CodeIgniter\Boot::runCodeIgniter(Object(CodeIgniter\CodeIgniter))
11 FCPATH\index.php(59): CodeIgniter\Boot::bootWeb(Object(Config\Paths))
CRITICAL - 2025-08-06 06:15:22 --> ArgumentCountError: define() expects at least 2 arguments, 1 given
[Method: GET, Route: /]
in APPPATH\Controllers\Home.php on line 3.
 1 APPPATH\Controllers\Home.php(3): define('BASEPATH')
 2 SYSTEMPATH\Autoloader\Autoloader.php(315): include_once('C:\\Users\\NCGC\\Desktop\\XAMPP\\htdocs\\ITE311-MARAÑAN\\app\\Controllers\\Home.php')
 3 SYSTEMPATH\Autoloader\Autoloader.php(295): CodeIgniter\Autoloader\Autoloader->includeFile('C:\\Users\\NCGC\\Desktop\\XAMPP\\htdocs\\ITE311-MARAÑAN\\app\\Controllers\\Home.php')
 4 SYSTEMPATH\Autoloader\Autoloader.php(271): CodeIgniter\Autoloader\Autoloader->loadInNamespace('App\\Controllers\\Home')
 5 [internal function]: CodeIgniter\Autoloader\Autoloader->loadClass('App\\Controllers\\Home')
 6 SYSTEMPATH\CodeIgniter.php(885): class_exists('\\App\\Controllers\\Home', true)
 7 SYSTEMPATH\CodeIgniter.php(494): CodeIgniter\CodeIgniter->startController()
 8 SYSTEMPATH\CodeIgniter.php(354): CodeIgniter\CodeIgniter->handleRequest(null, Object(Config\Cache), false)
 9 SYSTEMPATH\Boot.php(363): CodeIgniter\CodeIgniter->run()
10 SYSTEMPATH\Boot.php(68): CodeIgniter\Boot::runCodeIgniter(Object(CodeIgniter\CodeIgniter))
11 FCPATH\index.php(59): CodeIgniter\Boot::bootWeb(Object(Config\Paths))
CRITICAL - 2025-08-06 06:15:23 --> ArgumentCountError: define() expects at least 2 arguments, 1 given
[Method: GET, Route: /]
in APPPATH\Controllers\Home.php on line 3.
 1 APPPATH\Controllers\Home.php(3): define('BASEPATH')
 2 SYSTEMPATH\Autoloader\Autoloader.php(315): include_once('C:\\Users\\NCGC\\Desktop\\XAMPP\\htdocs\\ITE311-MARAÑAN\\app\\Controllers\\Home.php')
 3 SYSTEMPATH\Autoloader\Autoloader.php(295): CodeIgniter\Autoloader\Autoloader->includeFile('C:\\Users\\NCGC\\Desktop\\XAMPP\\htdocs\\ITE311-MARAÑAN\\app\\Controllers\\Home.php')
 4 SYSTEMPATH\Autoloader\Autoloader.php(271): CodeIgniter\Autoloader\Autoloader->loadInNamespace('App\\Controllers\\Home')
 5 [internal function]: CodeIgniter\Autoloader\Autoloader->loadClass('App\\Controllers\\Home')
 6 SYSTEMPATH\CodeIgniter.php(885): class_exists('\\App\\Controllers\\Home', true)
 7 SYSTEMPATH\CodeIgniter.php(494): CodeIgniter\CodeIgniter->startController()
 8 SYSTEMPATH\CodeIgniter.php(354): CodeIgniter\CodeIgniter->handleRequest(null, Object(Config\Cache), false)
 9 SYSTEMPATH\Boot.php(363): CodeIgniter\CodeIgniter->run()
10 SYSTEMPATH\Boot.php(68): CodeIgniter\Boot::runCodeIgniter(Object(CodeIgniter\CodeIgniter))
11 FCPATH\index.php(59): CodeIgniter\Boot::bootWeb(Object(Config\Paths))
CRITICAL - 2025-08-06 06:15:23 --> ArgumentCountError: define() expects at least 2 arguments, 1 given
[Method: GET, Route: /]
in APPPATH\Controllers\Home.php on line 3.
 1 APPPATH\Controllers\Home.php(3): define('BASEPATH')
 2 SYSTEMPATH\Autoloader\Autoloader.php(315): include_once('C:\\Users\\NCGC\\Desktop\\XAMPP\\htdocs\\ITE311-MARAÑAN\\app\\Controllers\\Home.php')
 3 SYSTEMPATH\Autoloader\Autoloader.php(295): CodeIgniter\Autoloader\Autoloader->includeFile('C:\\Users\\NCGC\\Desktop\\XAMPP\\htdocs\\ITE311-MARAÑAN\\app\\Controllers\\Home.php')
 4 SYSTEMPATH\Autoloader\Autoloader.php(271): CodeIgniter\Autoloader\Autoloader->loadInNamespace('App\\Controllers\\Home')
 5 [internal function]: CodeIgniter\Autoloader\Autoloader->loadClass('App\\Controllers\\Home')
 6 SYSTEMPATH\CodeIgniter.php(885): class_exists('\\App\\Controllers\\Home', true)
 7 SYSTEMPATH\CodeIgniter.php(494): CodeIgniter\CodeIgniter->startController()
 8 SYSTEMPATH\CodeIgniter.php(354): CodeIgniter\CodeIgniter->handleRequest(null, Object(Config\Cache), false)
 9 SYSTEMPATH\Boot.php(363): CodeIgniter\CodeIgniter->run()
10 SYSTEMPATH\Boot.php(68): CodeIgniter\Boot::runCodeIgniter(Object(CodeIgniter\CodeIgniter))
11 FCPATH\index.php(59): CodeIgniter\Boot::bootWeb(Object(Config\Paths))
CRITICAL - 2025-08-06 06:15:23 --> ArgumentCountError: define() expects at least 2 arguments, 1 given
[Method: GET, Route: /]
in APPPATH\Controllers\Home.php on line 3.
 1 APPPATH\Controllers\Home.php(3): define('BASEPATH')
 2 SYSTEMPATH\Autoloader\Autoloader.php(315): include_once('C:\\Users\\NCGC\\Desktop\\XAMPP\\htdocs\\ITE311-MARAÑAN\\app\\Controllers\\Home.php')
 3 SYSTEMPATH\Autoloader\Autoloader.php(295): CodeIgniter\Autoloader\Autoloader->includeFile('C:\\Users\\NCGC\\Desktop\\XAMPP\\htdocs\\ITE311-MARAÑAN\\app\\Controllers\\Home.php')
 4 SYSTEMPATH\Autoloader\Autoloader.php(271): CodeIgniter\Autoloader\Autoloader->loadInNamespace('App\\Controllers\\Home')
 5 [internal function]: CodeIgniter\Autoloader\Autoloader->loadClass('App\\Controllers\\Home')
 6 SYSTEMPATH\CodeIgniter.php(885): class_exists('\\App\\Controllers\\Home', true)
 7 SYSTEMPATH\CodeIgniter.php(494): CodeIgniter\CodeIgniter->startController()
 8 SYSTEMPATH\CodeIgniter.php(354): CodeIgniter\CodeIgniter->handleRequest(null, Object(Config\Cache), false)
 9 SYSTEMPATH\Boot.php(363): CodeIgniter\CodeIgniter->run()
10 SYSTEMPATH\Boot.php(68): CodeIgniter\Boot::runCodeIgniter(Object(CodeIgniter\CodeIgniter))
11 FCPATH\index.php(59): CodeIgniter\Boot::bootWeb(Object(Config\Paths))
CRITICAL - 2025-08-06 06:18:34 --> ArgumentCountError: define() expects at least 2 arguments, 1 given
[Method: GET, Route: /]
in APPPATH\Controllers\Home.php on line 3.
 1 APPPATH\Controllers\Home.php(3): define('BASEPATH')
 2 SYSTEMPATH\Autoloader\Autoloader.php(315): include_once('C:\\Users\\NCGC\\Desktop\\XAMPP\\htdocs\\ITE311-MARAÑAN\\app\\Controllers\\Home.php')
 3 SYSTEMPATH\Autoloader\Autoloader.php(295): CodeIgniter\Autoloader\Autoloader->includeFile('C:\\Users\\NCGC\\Desktop\\XAMPP\\htdocs\\ITE311-MARAÑAN\\app\\Controllers\\Home.php')
 4 SYSTEMPATH\Autoloader\Autoloader.php(271): CodeIgniter\Autoloader\Autoloader->loadInNamespace('App\\Controllers\\Home')
 5 [internal function]: CodeIgniter\Autoloader\Autoloader->loadClass('App\\Controllers\\Home')
 6 SYSTEMPATH\CodeIgniter.php(885): class_exists('\\App\\Controllers\\Home', true)
 7 SYSTEMPATH\CodeIgniter.php(494): CodeIgniter\CodeIgniter->startController()
 8 SYSTEMPATH\CodeIgniter.php(354): CodeIgniter\CodeIgniter->handleRequest(null, Object(Config\Cache), false)
 9 SYSTEMPATH\Boot.php(363): CodeIgniter\CodeIgniter->run()
10 SYSTEMPATH\Boot.php(68): CodeIgniter\Boot::runCodeIgniter(Object(CodeIgniter\CodeIgniter))
11 FCPATH\index.php(59): CodeIgniter\Boot::bootWeb(Object(Config\Paths))
CRITICAL - 2025-08-06 06:19:34 --> ArgumentCountError: define() expects at least 2 arguments, 1 given
[Method: GET, Route: /]
in APPPATH\Controllers\Home.php on line 3.
 1 APPPATH\Controllers\Home.php(3): define('BASEPATH')
 2 SYSTEMPATH\Autoloader\Autoloader.php(315): include_once('C:\\Users\\NCGC\\Desktop\\XAMPP\\htdocs\\ITE311-MARAÑAN\\app\\Controllers\\Home.php')
 3 SYSTEMPATH\Autoloader\Autoloader.php(295): CodeIgniter\Autoloader\Autoloader->includeFile('C:\\Users\\NCGC\\Desktop\\XAMPP\\htdocs\\ITE311-MARAÑAN\\app\\Controllers\\Home.php')
 4 SYSTEMPATH\Autoloader\Autoloader.php(271): CodeIgniter\Autoloader\Autoloader->loadInNamespace('App\\Controllers\\Home')
 5 [internal function]: CodeIgniter\Autoloader\Autoloader->loadClass('App\\Controllers\\Home')
 6 SYSTEMPATH\CodeIgniter.php(885): class_exists('\\App\\Controllers\\Home', true)
 7 SYSTEMPATH\CodeIgniter.php(494): CodeIgniter\CodeIgniter->startController()
 8 SYSTEMPATH\CodeIgniter.php(354): CodeIgniter\CodeIgniter->handleRequest(null, Object(Config\Cache), false)
 9 SYSTEMPATH\Boot.php(363): CodeIgniter\CodeIgniter->run()
10 SYSTEMPATH\Boot.php(68): CodeIgniter\Boot::runCodeIgniter(Object(CodeIgniter\CodeIgniter))
11 FCPATH\index.php(59): CodeIgniter\Boot::bootWeb(Object(Config\Paths))
CRITICAL - 2025-08-06 06:19:35 --> ArgumentCountError: define() expects at least 2 arguments, 1 given
[Method: GET, Route: /]
in APPPATH\Controllers\Home.php on line 3.
 1 APPPATH\Controllers\Home.php(3): define('BASEPATH')
 2 SYSTEMPATH\Autoloader\Autoloader.php(315): include_once('C:\\Users\\NCGC\\Desktop\\XAMPP\\htdocs\\ITE311-MARAÑAN\\app\\Controllers\\Home.php')
 3 SYSTEMPATH\Autoloader\Autoloader.php(295): CodeIgniter\Autoloader\Autoloader->includeFile('C:\\Users\\NCGC\\Desktop\\XAMPP\\htdocs\\ITE311-MARAÑAN\\app\\Controllers\\Home.php')
 4 SYSTEMPATH\Autoloader\Autoloader.php(271): CodeIgniter\Autoloader\Autoloader->loadInNamespace('App\\Controllers\\Home')
 5 [internal function]: CodeIgniter\Autoloader\Autoloader->loadClass('App\\Controllers\\Home')
 6 SYSTEMPATH\CodeIgniter.php(885): class_exists('\\App\\Controllers\\Home', true)
 7 SYSTEMPATH\CodeIgniter.php(494): CodeIgniter\CodeIgniter->startController()
 8 SYSTEMPATH\CodeIgniter.php(354): CodeIgniter\CodeIgniter->handleRequest(null, Object(Config\Cache), false)
 9 SYSTEMPATH\Boot.php(363): CodeIgniter\CodeIgniter->run()
10 SYSTEMPATH\Boot.php(68): CodeIgniter\Boot::runCodeIgniter(Object(CodeIgniter\CodeIgniter))
11 FCPATH\index.php(59): CodeIgniter\Boot::bootWeb(Object(Config\Paths))
CRITICAL - 2025-08-06 06:19:36 --> ArgumentCountError: define() expects at least 2 arguments, 1 given
[Method: GET, Route: /]
in APPPATH\Controllers\Home.php on line 3.
 1 APPPATH\Controllers\Home.php(3): define('BASEPATH')
 2 SYSTEMPATH\Autoloader\Autoloader.php(315): include_once('C:\\Users\\NCGC\\Desktop\\XAMPP\\htdocs\\ITE311-MARAÑAN\\app\\Controllers\\Home.php')
 3 SYSTEMPATH\Autoloader\Autoloader.php(295): CodeIgniter\Autoloader\Autoloader->includeFile('C:\\Users\\NCGC\\Desktop\\XAMPP\\htdocs\\ITE311-MARAÑAN\\app\\Controllers\\Home.php')
 4 SYSTEMPATH\Autoloader\Autoloader.php(271): CodeIgniter\Autoloader\Autoloader->loadInNamespace('App\\Controllers\\Home')
 5 [internal function]: CodeIgniter\Autoloader\Autoloader->loadClass('App\\Controllers\\Home')
 6 SYSTEMPATH\CodeIgniter.php(885): class_exists('\\App\\Controllers\\Home', true)
 7 SYSTEMPATH\CodeIgniter.php(494): CodeIgniter\CodeIgniter->startController()
 8 SYSTEMPATH\CodeIgniter.php(354): CodeIgniter\CodeIgniter->handleRequest(null, Object(Config\Cache), false)
 9 SYSTEMPATH\Boot.php(363): CodeIgniter\CodeIgniter->run()
10 SYSTEMPATH\Boot.php(68): CodeIgniter\Boot::runCodeIgniter(Object(CodeIgniter\CodeIgniter))
11 FCPATH\index.php(59): CodeIgniter\Boot::bootWeb(Object(Config\Paths))
CRITICAL - 2025-08-06 06:19:36 --> ArgumentCountError: define() expects at least 2 arguments, 1 given
[Method: GET, Route: /]
in APPPATH\Controllers\Home.php on line 3.
 1 APPPATH\Controllers\Home.php(3): define('BASEPATH')
 2 SYSTEMPATH\Autoloader\Autoloader.php(315): include_once('C:\\Users\\NCGC\\Desktop\\XAMPP\\htdocs\\ITE311-MARAÑAN\\app\\Controllers\\Home.php')
 3 SYSTEMPATH\Autoloader\Autoloader.php(295): CodeIgniter\Autoloader\Autoloader->includeFile('C:\\Users\\NCGC\\Desktop\\XAMPP\\htdocs\\ITE311-MARAÑAN\\app\\Controllers\\Home.php')
 4 SYSTEMPATH\Autoloader\Autoloader.php(271): CodeIgniter\Autoloader\Autoloader->loadInNamespace('App\\Controllers\\Home')
 5 [internal function]: CodeIgniter\Autoloader\Autoloader->loadClass('App\\Controllers\\Home')
 6 SYSTEMPATH\CodeIgniter.php(885): class_exists('\\App\\Controllers\\Home', true)
 7 SYSTEMPATH\CodeIgniter.php(494): CodeIgniter\CodeIgniter->startController()
 8 SYSTEMPATH\CodeIgniter.php(354): CodeIgniter\CodeIgniter->handleRequest(null, Object(Config\Cache), false)
 9 SYSTEMPATH\Boot.php(363): CodeIgniter\CodeIgniter->run()
10 SYSTEMPATH\Boot.php(68): CodeIgniter\Boot::runCodeIgniter(Object(CodeIgniter\CodeIgniter))
11 FCPATH\index.php(59): CodeIgniter\Boot::bootWeb(Object(Config\Paths))
CRITICAL - 2025-08-06 06:19:36 --> ArgumentCountError: define() expects at least 2 arguments, 1 given
[Method: GET, Route: /]
in APPPATH\Controllers\Home.php on line 3.
 1 APPPATH\Controllers\Home.php(3): define('BASEPATH')
 2 SYSTEMPATH\Autoloader\Autoloader.php(315): include_once('C:\\Users\\NCGC\\Desktop\\XAMPP\\htdocs\\ITE311-MARAÑAN\\app\\Controllers\\Home.php')
 3 SYSTEMPATH\Autoloader\Autoloader.php(295): CodeIgniter\Autoloader\Autoloader->includeFile('C:\\Users\\NCGC\\Desktop\\XAMPP\\htdocs\\ITE311-MARAÑAN\\app\\Controllers\\Home.php')
 4 SYSTEMPATH\Autoloader\Autoloader.php(271): CodeIgniter\Autoloader\Autoloader->loadInNamespace('App\\Controllers\\Home')
 5 [internal function]: CodeIgniter\Autoloader\Autoloader->loadClass('App\\Controllers\\Home')
 6 SYSTEMPATH\CodeIgniter.php(885): class_exists('\\App\\Controllers\\Home', true)
 7 SYSTEMPATH\CodeIgniter.php(494): CodeIgniter\CodeIgniter->startController()
 8 SYSTEMPATH\CodeIgniter.php(354): CodeIgniter\CodeIgniter->handleRequest(null, Object(Config\Cache), false)
 9 SYSTEMPATH\Boot.php(363): CodeIgniter\CodeIgniter->run()
10 SYSTEMPATH\Boot.php(68): CodeIgniter\Boot::runCodeIgniter(Object(CodeIgniter\CodeIgniter))
11 FCPATH\index.php(59): CodeIgniter\Boot::bootWeb(Object(Config\Paths))
CRITICAL - 2025-08-06 06:19:36 --> ArgumentCountError: define() expects at least 2 arguments, 1 given
[Method: GET, Route: /]
in APPPATH\Controllers\Home.php on line 3.
 1 APPPATH\Controllers\Home.php(3): define('BASEPATH')
 2 SYSTEMPATH\Autoloader\Autoloader.php(315): include_once('C:\\Users\\NCGC\\Desktop\\XAMPP\\htdocs\\ITE311-MARAÑAN\\app\\Controllers\\Home.php')
 3 SYSTEMPATH\Autoloader\Autoloader.php(295): CodeIgniter\Autoloader\Autoloader->includeFile('C:\\Users\\NCGC\\Desktop\\XAMPP\\htdocs\\ITE311-MARAÑAN\\app\\Controllers\\Home.php')
 4 SYSTEMPATH\Autoloader\Autoloader.php(271): CodeIgniter\Autoloader\Autoloader->loadInNamespace('App\\Controllers\\Home')
 5 [internal function]: CodeIgniter\Autoloader\Autoloader->loadClass('App\\Controllers\\Home')
 6 SYSTEMPATH\CodeIgniter.php(885): class_exists('\\App\\Controllers\\Home', true)
 7 SYSTEMPATH\CodeIgniter.php(494): CodeIgniter\CodeIgniter->startController()
 8 SYSTEMPATH\CodeIgniter.php(354): CodeIgniter\CodeIgniter->handleRequest(null, Object(Config\Cache), false)
 9 SYSTEMPATH\Boot.php(363): CodeIgniter\CodeIgniter->run()
10 SYSTEMPATH\Boot.php(68): CodeIgniter\Boot::runCodeIgniter(Object(CodeIgniter\CodeIgniter))
11 FCPATH\index.php(59): CodeIgniter\Boot::bootWeb(Object(Config\Paths))
CRITICAL - 2025-08-06 06:19:37 --> ArgumentCountError: define() expects at least 2 arguments, 1 given
[Method: GET, Route: /]
in APPPATH\Controllers\Home.php on line 3.
 1 APPPATH\Controllers\Home.php(3): define('BASEPATH')
 2 SYSTEMPATH\Autoloader\Autoloader.php(315): include_once('C:\\Users\\NCGC\\Desktop\\XAMPP\\htdocs\\ITE311-MARAÑAN\\app\\Controllers\\Home.php')
 3 SYSTEMPATH\Autoloader\Autoloader.php(295): CodeIgniter\Autoloader\Autoloader->includeFile('C:\\Users\\NCGC\\Desktop\\XAMPP\\htdocs\\ITE311-MARAÑAN\\app\\Controllers\\Home.php')
 4 SYSTEMPATH\Autoloader\Autoloader.php(271): CodeIgniter\Autoloader\Autoloader->loadInNamespace('App\\Controllers\\Home')
 5 [internal function]: CodeIgniter\Autoloader\Autoloader->loadClass('App\\Controllers\\Home')
 6 SYSTEMPATH\CodeIgniter.php(885): class_exists('\\App\\Controllers\\Home', true)
 7 SYSTEMPATH\CodeIgniter.php(494): CodeIgniter\CodeIgniter->startController()
 8 SYSTEMPATH\CodeIgniter.php(354): CodeIgniter\CodeIgniter->handleRequest(null, Object(Config\Cache), false)
 9 SYSTEMPATH\Boot.php(363): CodeIgniter\CodeIgniter->run()
10 SYSTEMPATH\Boot.php(68): CodeIgniter\Boot::runCodeIgniter(Object(CodeIgniter\CodeIgniter))
11 FCPATH\index.php(59): CodeIgniter\Boot::bootWeb(Object(Config\Paths))
CRITICAL - 2025-08-06 06:19:38 --> ArgumentCountError: define() expects at least 2 arguments, 1 given
[Method: GET, Route: /]
in APPPATH\Controllers\Home.php on line 3.
 1 APPPATH\Controllers\Home.php(3): define('BASEPATH')
 2 SYSTEMPATH\Autoloader\Autoloader.php(315): include_once('C:\\Users\\NCGC\\Desktop\\XAMPP\\htdocs\\ITE311-MARAÑAN\\app\\Controllers\\Home.php')
 3 SYSTEMPATH\Autoloader\Autoloader.php(295): CodeIgniter\Autoloader\Autoloader->includeFile('C:\\Users\\NCGC\\Desktop\\XAMPP\\htdocs\\ITE311-MARAÑAN\\app\\Controllers\\Home.php')
 4 SYSTEMPATH\Autoloader\Autoloader.php(271): CodeIgniter\Autoloader\Autoloader->loadInNamespace('App\\Controllers\\Home')
 5 [internal function]: CodeIgniter\Autoloader\Autoloader->loadClass('App\\Controllers\\Home')
 6 SYSTEMPATH\CodeIgniter.php(885): class_exists('\\App\\Controllers\\Home', true)
 7 SYSTEMPATH\CodeIgniter.php(494): CodeIgniter\CodeIgniter->startController()
 8 SYSTEMPATH\CodeIgniter.php(354): CodeIgniter\CodeIgniter->handleRequest(null, Object(Config\Cache), false)
 9 SYSTEMPATH\Boot.php(363): CodeIgniter\CodeIgniter->run()
10 SYSTEMPATH\Boot.php(68): CodeIgniter\Boot::runCodeIgniter(Object(CodeIgniter\CodeIgniter))
11 FCPATH\index.php(59): CodeIgniter\Boot::bootWeb(Object(Config\Paths))
CRITICAL - 2025-08-06 06:19:38 --> ArgumentCountError: define() expects at least 2 arguments, 1 given
[Method: GET, Route: /]
in APPPATH\Controllers\Home.php on line 3.
 1 APPPATH\Controllers\Home.php(3): define('BASEPATH')
 2 SYSTEMPATH\Autoloader\Autoloader.php(315): include_once('C:\\Users\\NCGC\\Desktop\\XAMPP\\htdocs\\ITE311-MARAÑAN\\app\\Controllers\\Home.php')
 3 SYSTEMPATH\Autoloader\Autoloader.php(295): CodeIgniter\Autoloader\Autoloader->includeFile('C:\\Users\\NCGC\\Desktop\\XAMPP\\htdocs\\ITE311-MARAÑAN\\app\\Controllers\\Home.php')
 4 SYSTEMPATH\Autoloader\Autoloader.php(271): CodeIgniter\Autoloader\Autoloader->loadInNamespace('App\\Controllers\\Home')
 5 [internal function]: CodeIgniter\Autoloader\Autoloader->loadClass('App\\Controllers\\Home')
 6 SYSTEMPATH\CodeIgniter.php(885): class_exists('\\App\\Controllers\\Home', true)
 7 SYSTEMPATH\CodeIgniter.php(494): CodeIgniter\CodeIgniter->startController()
 8 SYSTEMPATH\CodeIgniter.php(354): CodeIgniter\CodeIgniter->handleRequest(null, Object(Config\Cache), false)
 9 SYSTEMPATH\Boot.php(363): CodeIgniter\CodeIgniter->run()
10 SYSTEMPATH\Boot.php(68): CodeIgniter\Boot::runCodeIgniter(Object(CodeIgniter\CodeIgniter))
11 FCPATH\index.php(59): CodeIgniter\Boot::bootWeb(Object(Config\Paths))
CRITICAL - 2025-08-06 06:19:39 --> ArgumentCountError: define() expects at least 2 arguments, 1 given
[Method: GET, Route: /]
in APPPATH\Controllers\Home.php on line 3.
 1 APPPATH\Controllers\Home.php(3): define('BASEPATH')
 2 SYSTEMPATH\Autoloader\Autoloader.php(315): include_once('C:\\Users\\NCGC\\Desktop\\XAMPP\\htdocs\\ITE311-MARAÑAN\\app\\Controllers\\Home.php')
 3 SYSTEMPATH\Autoloader\Autoloader.php(295): CodeIgniter\Autoloader\Autoloader->includeFile('C:\\Users\\NCGC\\Desktop\\XAMPP\\htdocs\\ITE311-MARAÑAN\\app\\Controllers\\Home.php')
 4 SYSTEMPATH\Autoloader\Autoloader.php(271): CodeIgniter\Autoloader\Autoloader->loadInNamespace('App\\Controllers\\Home')
 5 [internal function]: CodeIgniter\Autoloader\Autoloader->loadClass('App\\Controllers\\Home')
 6 SYSTEMPATH\CodeIgniter.php(885): class_exists('\\App\\Controllers\\Home', true)
 7 SYSTEMPATH\CodeIgniter.php(494): CodeIgniter\CodeIgniter->startController()
 8 SYSTEMPATH\CodeIgniter.php(354): CodeIgniter\CodeIgniter->handleRequest(null, Object(Config\Cache), false)
 9 SYSTEMPATH\Boot.php(363): CodeIgniter\CodeIgniter->run()
10 SYSTEMPATH\Boot.php(68): CodeIgniter\Boot::runCodeIgniter(Object(CodeIgniter\CodeIgniter))
11 FCPATH\index.php(59): CodeIgniter\Boot::bootWeb(Object(Config\Paths))
CRITICAL - 2025-08-06 06:19:59 --> ArgumentCountError: define() expects at least 2 arguments, 1 given
[Method: GET, Route: /]
in APPPATH\Controllers\Home.php on line 3.
 1 APPPATH\Controllers\Home.php(3): define('BASEPATH')
 2 SYSTEMPATH\Autoloader\Autoloader.php(315): include_once('C:\\Users\\NCGC\\Desktop\\XAMPP\\htdocs\\ITE311-MARAÑAN\\app\\Controllers\\Home.php')
 3 SYSTEMPATH\Autoloader\Autoloader.php(295): CodeIgniter\Autoloader\Autoloader->includeFile('C:\\Users\\NCGC\\Desktop\\XAMPP\\htdocs\\ITE311-MARAÑAN\\app\\Controllers\\Home.php')
 4 SYSTEMPATH\Autoloader\Autoloader.php(271): CodeIgniter\Autoloader\Autoloader->loadInNamespace('App\\Controllers\\Home')
 5 [internal function]: CodeIgniter\Autoloader\Autoloader->loadClass('App\\Controllers\\Home')
 6 SYSTEMPATH\CodeIgniter.php(885): class_exists('\\App\\Controllers\\Home', true)
 7 SYSTEMPATH\CodeIgniter.php(494): CodeIgniter\CodeIgniter->startController()
 8 SYSTEMPATH\CodeIgniter.php(354): CodeIgniter\CodeIgniter->handleRequest(null, Object(Config\Cache), false)
 9 SYSTEMPATH\Boot.php(363): CodeIgniter\CodeIgniter->run()
10 SYSTEMPATH\Boot.php(68): CodeIgniter\Boot::runCodeIgniter(Object(CodeIgniter\CodeIgniter))
11 FCPATH\index.php(59): CodeIgniter\Boot::bootWeb(Object(Config\Paths))
CRITICAL - 2025-08-06 06:19:59 --> ArgumentCountError: define() expects at least 2 arguments, 1 given
[Method: GET, Route: /]
in APPPATH\Controllers\Home.php on line 3.
 1 APPPATH\Controllers\Home.php(3): define('BASEPATH')
 2 SYSTEMPATH\Autoloader\Autoloader.php(315): include_once('C:\\Users\\NCGC\\Desktop\\XAMPP\\htdocs\\ITE311-MARAÑAN\\app\\Controllers\\Home.php')
 3 SYSTEMPATH\Autoloader\Autoloader.php(295): CodeIgniter\Autoloader\Autoloader->includeFile('C:\\Users\\NCGC\\Desktop\\XAMPP\\htdocs\\ITE311-MARAÑAN\\app\\Controllers\\Home.php')
 4 SYSTEMPATH\Autoloader\Autoloader.php(271): CodeIgniter\Autoloader\Autoloader->loadInNamespace('App\\Controllers\\Home')
 5 [internal function]: CodeIgniter\Autoloader\Autoloader->loadClass('App\\Controllers\\Home')
 6 SYSTEMPATH\CodeIgniter.php(885): class_exists('\\App\\Controllers\\Home', true)
 7 SYSTEMPATH\CodeIgniter.php(494): CodeIgniter\CodeIgniter->startController()
 8 SYSTEMPATH\CodeIgniter.php(354): CodeIgniter\CodeIgniter->handleRequest(null, Object(Config\Cache), false)
 9 SYSTEMPATH\Boot.php(363): CodeIgniter\CodeIgniter->run()
10 SYSTEMPATH\Boot.php(68): CodeIgniter\Boot::runCodeIgniter(Object(CodeIgniter\CodeIgniter))
11 FCPATH\index.php(59): CodeIgniter\Boot::bootWeb(Object(Config\Paths))
CRITICAL - 2025-08-06 06:19:59 --> ArgumentCountError: define() expects at least 2 arguments, 1 given
[Method: GET, Route: /]
in APPPATH\Controllers\Home.php on line 3.
 1 APPPATH\Controllers\Home.php(3): define('BASEPATH')
 2 SYSTEMPATH\Autoloader\Autoloader.php(315): include_once('C:\\Users\\NCGC\\Desktop\\XAMPP\\htdocs\\ITE311-MARAÑAN\\app\\Controllers\\Home.php')
 3 SYSTEMPATH\Autoloader\Autoloader.php(295): CodeIgniter\Autoloader\Autoloader->includeFile('C:\\Users\\NCGC\\Desktop\\XAMPP\\htdocs\\ITE311-MARAÑAN\\app\\Controllers\\Home.php')
 4 SYSTEMPATH\Autoloader\Autoloader.php(271): CodeIgniter\Autoloader\Autoloader->loadInNamespace('App\\Controllers\\Home')
 5 [internal function]: CodeIgniter\Autoloader\Autoloader->loadClass('App\\Controllers\\Home')
 6 SYSTEMPATH\CodeIgniter.php(885): class_exists('\\App\\Controllers\\Home', true)
 7 SYSTEMPATH\CodeIgniter.php(494): CodeIgniter\CodeIgniter->startController()
 8 SYSTEMPATH\CodeIgniter.php(354): CodeIgniter\CodeIgniter->handleRequest(null, Object(Config\Cache), false)
 9 SYSTEMPATH\Boot.php(363): CodeIgniter\CodeIgniter->run()
10 SYSTEMPATH\Boot.php(68): CodeIgniter\Boot::runCodeIgniter(Object(CodeIgniter\CodeIgniter))
11 FCPATH\index.php(59): CodeIgniter\Boot::bootWeb(Object(Config\Paths))
CRITICAL - 2025-08-06 06:20:14 --> ArgumentCountError: define() expects at least 2 arguments, 1 given
[Method: GET, Route: /]
in APPPATH\Controllers\Home.php on line 3.
 1 APPPATH\Controllers\Home.php(3): define('BASEPATH')
 2 SYSTEMPATH\Autoloader\Autoloader.php(315): include_once('C:\\Users\\NCGC\\Desktop\\XAMPP\\htdocs\\ITE311-MARAÑAN\\app\\Controllers\\Home.php')
 3 SYSTEMPATH\Autoloader\Autoloader.php(295): CodeIgniter\Autoloader\Autoloader->includeFile('C:\\Users\\NCGC\\Desktop\\XAMPP\\htdocs\\ITE311-MARAÑAN\\app\\Controllers\\Home.php')
 4 SYSTEMPATH\Autoloader\Autoloader.php(271): CodeIgniter\Autoloader\Autoloader->loadInNamespace('App\\Controllers\\Home')
 5 [internal function]: CodeIgniter\Autoloader\Autoloader->loadClass('App\\Controllers\\Home')
 6 SYSTEMPATH\CodeIgniter.php(885): class_exists('\\App\\Controllers\\Home', true)
 7 SYSTEMPATH\CodeIgniter.php(494): CodeIgniter\CodeIgniter->startController()
 8 SYSTEMPATH\CodeIgniter.php(354): CodeIgniter\CodeIgniter->handleRequest(null, Object(Config\Cache), false)
 9 SYSTEMPATH\Boot.php(363): CodeIgniter\CodeIgniter->run()
10 SYSTEMPATH\Boot.php(68): CodeIgniter\Boot::runCodeIgniter(Object(CodeIgniter\CodeIgniter))
11 FCPATH\index.php(59): CodeIgniter\Boot::bootWeb(Object(Config\Paths))
CRITICAL - 2025-08-06 06:20:15 --> ArgumentCountError: define() expects at least 2 arguments, 1 given
[Method: GET, Route: /]
in APPPATH\Controllers\Home.php on line 3.
 1 APPPATH\Controllers\Home.php(3): define('BASEPATH')
 2 SYSTEMPATH\Autoloader\Autoloader.php(315): include_once('C:\\Users\\NCGC\\Desktop\\XAMPP\\htdocs\\ITE311-MARAÑAN\\app\\Controllers\\Home.php')
 3 SYSTEMPATH\Autoloader\Autoloader.php(295): CodeIgniter\Autoloader\Autoloader->includeFile('C:\\Users\\NCGC\\Desktop\\XAMPP\\htdocs\\ITE311-MARAÑAN\\app\\Controllers\\Home.php')
 4 SYSTEMPATH\Autoloader\Autoloader.php(271): CodeIgniter\Autoloader\Autoloader->loadInNamespace('App\\Controllers\\Home')
 5 [internal function]: CodeIgniter\Autoloader\Autoloader->loadClass('App\\Controllers\\Home')
 6 SYSTEMPATH\CodeIgniter.php(885): class_exists('\\App\\Controllers\\Home', true)
 7 SYSTEMPATH\CodeIgniter.php(494): CodeIgniter\CodeIgniter->startController()
 8 SYSTEMPATH\CodeIgniter.php(354): CodeIgniter\CodeIgniter->handleRequest(null, Object(Config\Cache), false)
 9 SYSTEMPATH\Boot.php(363): CodeIgniter\CodeIgniter->run()
10 SYSTEMPATH\Boot.php(68): CodeIgniter\Boot::runCodeIgniter(Object(CodeIgniter\CodeIgniter))
11 FCPATH\index.php(59): CodeIgniter\Boot::bootWeb(Object(Config\Paths))
CRITICAL - 2025-08-06 06:20:15 --> ArgumentCountError: define() expects at least 2 arguments, 1 given
[Method: GET, Route: /]
in APPPATH\Controllers\Home.php on line 3.
 1 APPPATH\Controllers\Home.php(3): define('BASEPATH')
 2 SYSTEMPATH\Autoloader\Autoloader.php(315): include_once('C:\\Users\\NCGC\\Desktop\\XAMPP\\htdocs\\ITE311-MARAÑAN\\app\\Controllers\\Home.php')
 3 SYSTEMPATH\Autoloader\Autoloader.php(295): CodeIgniter\Autoloader\Autoloader->includeFile('C:\\Users\\NCGC\\Desktop\\XAMPP\\htdocs\\ITE311-MARAÑAN\\app\\Controllers\\Home.php')
 4 SYSTEMPATH\Autoloader\Autoloader.php(271): CodeIgniter\Autoloader\Autoloader->loadInNamespace('App\\Controllers\\Home')
 5 [internal function]: CodeIgniter\Autoloader\Autoloader->loadClass('App\\Controllers\\Home')
 6 SYSTEMPATH\CodeIgniter.php(885): class_exists('\\App\\Controllers\\Home', true)
 7 SYSTEMPATH\CodeIgniter.php(494): CodeIgniter\CodeIgniter->startController()
 8 SYSTEMPATH\CodeIgniter.php(354): CodeIgniter\CodeIgniter->handleRequest(null, Object(Config\Cache), false)
 9 SYSTEMPATH\Boot.php(363): CodeIgniter\CodeIgniter->run()
10 SYSTEMPATH\Boot.php(68): CodeIgniter\Boot::runCodeIgniter(Object(CodeIgniter\CodeIgniter))
11 FCPATH\index.php(59): CodeIgniter\Boot::bootWeb(Object(Config\Paths))
CRITICAL - 2025-08-06 06:20:15 --> ArgumentCountError: define() expects at least 2 arguments, 1 given
[Method: GET, Route: /]
in APPPATH\Controllers\Home.php on line 3.
 1 APPPATH\Controllers\Home.php(3): define('BASEPATH')
 2 SYSTEMPATH\Autoloader\Autoloader.php(315): include_once('C:\\Users\\NCGC\\Desktop\\XAMPP\\htdocs\\ITE311-MARAÑAN\\app\\Controllers\\Home.php')
 3 SYSTEMPATH\Autoloader\Autoloader.php(295): CodeIgniter\Autoloader\Autoloader->includeFile('C:\\Users\\NCGC\\Desktop\\XAMPP\\htdocs\\ITE311-MARAÑAN\\app\\Controllers\\Home.php')
 4 SYSTEMPATH\Autoloader\Autoloader.php(271): CodeIgniter\Autoloader\Autoloader->loadInNamespace('App\\Controllers\\Home')
 5 [internal function]: CodeIgniter\Autoloader\Autoloader->loadClass('App\\Controllers\\Home')
 6 SYSTEMPATH\CodeIgniter.php(885): class_exists('\\App\\Controllers\\Home', true)
 7 SYSTEMPATH\CodeIgniter.php(494): CodeIgniter\CodeIgniter->startController()
 8 SYSTEMPATH\CodeIgniter.php(354): CodeIgniter\CodeIgniter->handleRequest(null, Object(Config\Cache), false)
 9 SYSTEMPATH\Boot.php(363): CodeIgniter\CodeIgniter->run()
10 SYSTEMPATH\Boot.php(68): CodeIgniter\Boot::runCodeIgniter(Object(CodeIgniter\CodeIgniter))
11 FCPATH\index.php(59): CodeIgniter\Boot::bootWeb(Object(Config\Paths))
CRITICAL - 2025-08-06 06:20:38 --> ArgumentCountError: define() expects at least 2 arguments, 1 given
[Method: GET, Route: /]
in APPPATH\Controllers\Home.php on line 3.
 1 APPPATH\Controllers\Home.php(3): define('BASEPATH')
 2 SYSTEMPATH\Autoloader\Autoloader.php(315): include_once('C:\\Users\\NCGC\\Desktop\\XAMPP\\htdocs\\ITE311-MARAÑAN\\app\\Controllers\\Home.php')
 3 SYSTEMPATH\Autoloader\Autoloader.php(295): CodeIgniter\Autoloader\Autoloader->includeFile('C:\\Users\\NCGC\\Desktop\\XAMPP\\htdocs\\ITE311-MARAÑAN\\app\\Controllers\\Home.php')
 4 SYSTEMPATH\Autoloader\Autoloader.php(271): CodeIgniter\Autoloader\Autoloader->loadInNamespace('App\\Controllers\\Home')
 5 [internal function]: CodeIgniter\Autoloader\Autoloader->loadClass('App\\Controllers\\Home')
 6 SYSTEMPATH\CodeIgniter.php(885): class_exists('\\App\\Controllers\\Home', true)
 7 SYSTEMPATH\CodeIgniter.php(494): CodeIgniter\CodeIgniter->startController()
 8 SYSTEMPATH\CodeIgniter.php(354): CodeIgniter\CodeIgniter->handleRequest(null, Object(Config\Cache), false)
 9 SYSTEMPATH\Boot.php(363): CodeIgniter\CodeIgniter->run()
10 SYSTEMPATH\Boot.php(68): CodeIgniter\Boot::runCodeIgniter(Object(CodeIgniter\CodeIgniter))
11 FCPATH\index.php(59): CodeIgniter\Boot::bootWeb(Object(Config\Paths))
CRITICAL - 2025-08-06 06:22:24 --> ArgumentCountError: define() expects at least 2 arguments, 1 given
[Method: GET, Route: /]
in APPPATH\Controllers\Home.php on line 3.
 1 APPPATH\Controllers\Home.php(3): define('BASEPATH')
 2 SYSTEMPATH\Autoloader\Autoloader.php(315): include_once('C:\\Users\\NCGC\\Desktop\\XAMPP\\htdocs\\ITE311-MARAÑAN\\app\\Controllers\\Home.php')
 3 SYSTEMPATH\Autoloader\Autoloader.php(295): CodeIgniter\Autoloader\Autoloader->includeFile('C:\\Users\\NCGC\\Desktop\\XAMPP\\htdocs\\ITE311-MARAÑAN\\app\\Controllers\\Home.php')
 4 SYSTEMPATH\Autoloader\Autoloader.php(271): CodeIgniter\Autoloader\Autoloader->loadInNamespace('App\\Controllers\\Home')
 5 [internal function]: CodeIgniter\Autoloader\Autoloader->loadClass('App\\Controllers\\Home')
 6 SYSTEMPATH\CodeIgniter.php(885): class_exists('\\App\\Controllers\\Home', true)
 7 SYSTEMPATH\CodeIgniter.php(494): CodeIgniter\CodeIgniter->startController()
 8 SYSTEMPATH\CodeIgniter.php(354): CodeIgniter\CodeIgniter->handleRequest(null, Object(Config\Cache), false)
 9 SYSTEMPATH\Boot.php(363): CodeIgniter\CodeIgniter->run()
10 SYSTEMPATH\Boot.php(68): CodeIgniter\Boot::runCodeIgniter(Object(CodeIgniter\CodeIgniter))
11 FCPATH\index.php(59): CodeIgniter\Boot::bootWeb(Object(Config\Paths))
CRITICAL - 2025-08-06 06:22:25 --> ArgumentCountError: define() expects at least 2 arguments, 1 given
[Method: GET, Route: /]
in APPPATH\Controllers\Home.php on line 3.
 1 APPPATH\Controllers\Home.php(3): define('BASEPATH')
 2 SYSTEMPATH\Autoloader\Autoloader.php(315): include_once('C:\\Users\\NCGC\\Desktop\\XAMPP\\htdocs\\ITE311-MARAÑAN\\app\\Controllers\\Home.php')
 3 SYSTEMPATH\Autoloader\Autoloader.php(295): CodeIgniter\Autoloader\Autoloader->includeFile('C:\\Users\\NCGC\\Desktop\\XAMPP\\htdocs\\ITE311-MARAÑAN\\app\\Controllers\\Home.php')
 4 SYSTEMPATH\Autoloader\Autoloader.php(271): CodeIgniter\Autoloader\Autoloader->loadInNamespace('App\\Controllers\\Home')
 5 [internal function]: CodeIgniter\Autoloader\Autoloader->loadClass('App\\Controllers\\Home')
 6 SYSTEMPATH\CodeIgniter.php(885): class_exists('\\App\\Controllers\\Home', true)
 7 SYSTEMPATH\CodeIgniter.php(494): CodeIgniter\CodeIgniter->startController()
 8 SYSTEMPATH\CodeIgniter.php(354): CodeIgniter\CodeIgniter->handleRequest(null, Object(Config\Cache), false)
 9 SYSTEMPATH\Boot.php(363): CodeIgniter\CodeIgniter->run()
10 SYSTEMPATH\Boot.php(68): CodeIgniter\Boot::runCodeIgniter(Object(CodeIgniter\CodeIgniter))
11 FCPATH\index.php(59): CodeIgniter\Boot::bootWeb(Object(Config\Paths))
CRITICAL - 2025-08-06 06:22:25 --> ArgumentCountError: define() expects at least 2 arguments, 1 given
[Method: GET, Route: /]
in APPPATH\Controllers\Home.php on line 3.
 1 APPPATH\Controllers\Home.php(3): define('BASEPATH')
 2 SYSTEMPATH\Autoloader\Autoloader.php(315): include_once('C:\\Users\\NCGC\\Desktop\\XAMPP\\htdocs\\ITE311-MARAÑAN\\app\\Controllers\\Home.php')
 3 SYSTEMPATH\Autoloader\Autoloader.php(295): CodeIgniter\Autoloader\Autoloader->includeFile('C:\\Users\\NCGC\\Desktop\\XAMPP\\htdocs\\ITE311-MARAÑAN\\app\\Controllers\\Home.php')
 4 SYSTEMPATH\Autoloader\Autoloader.php(271): CodeIgniter\Autoloader\Autoloader->loadInNamespace('App\\Controllers\\Home')
 5 [internal function]: CodeIgniter\Autoloader\Autoloader->loadClass('App\\Controllers\\Home')
 6 SYSTEMPATH\CodeIgniter.php(885): class_exists('\\App\\Controllers\\Home', true)
 7 SYSTEMPATH\CodeIgniter.php(494): CodeIgniter\CodeIgniter->startController()
 8 SYSTEMPATH\CodeIgniter.php(354): CodeIgniter\CodeIgniter->handleRequest(null, Object(Config\Cache), false)
 9 SYSTEMPATH\Boot.php(363): CodeIgniter\CodeIgniter->run()
10 SYSTEMPATH\Boot.php(68): CodeIgniter\Boot::runCodeIgniter(Object(CodeIgniter\CodeIgniter))
11 FCPATH\index.php(59): CodeIgniter\Boot::bootWeb(Object(Config\Paths))
CRITICAL - 2025-08-06 06:22:26 --> ArgumentCountError: define() expects at least 2 arguments, 1 given
[Method: GET, Route: /]
in APPPATH\Controllers\Home.php on line 3.
 1 APPPATH\Controllers\Home.php(3): define('BASEPATH')
 2 SYSTEMPATH\Autoloader\Autoloader.php(315): include_once('C:\\Users\\NCGC\\Desktop\\XAMPP\\htdocs\\ITE311-MARAÑAN\\app\\Controllers\\Home.php')
 3 SYSTEMPATH\Autoloader\Autoloader.php(295): CodeIgniter\Autoloader\Autoloader->includeFile('C:\\Users\\NCGC\\Desktop\\XAMPP\\htdocs\\ITE311-MARAÑAN\\app\\Controllers\\Home.php')
 4 SYSTEMPATH\Autoloader\Autoloader.php(271): CodeIgniter\Autoloader\Autoloader->loadInNamespace('App\\Controllers\\Home')
 5 [internal function]: CodeIgniter\Autoloader\Autoloader->loadClass('App\\Controllers\\Home')
 6 SYSTEMPATH\CodeIgniter.php(885): class_exists('\\App\\Controllers\\Home', true)
 7 SYSTEMPATH\CodeIgniter.php(494): CodeIgniter\CodeIgniter->startController()
 8 SYSTEMPATH\CodeIgniter.php(354): CodeIgniter\CodeIgniter->handleRequest(null, Object(Config\Cache), false)
 9 SYSTEMPATH\Boot.php(363): CodeIgniter\CodeIgniter->run()
10 SYSTEMPATH\Boot.php(68): CodeIgniter\Boot::runCodeIgniter(Object(CodeIgniter\CodeIgniter))
11 FCPATH\index.php(59): CodeIgniter\Boot::bootWeb(Object(Config\Paths))
CRITICAL - 2025-08-06 06:22:26 --> ArgumentCountError: define() expects at least 2 arguments, 1 given
[Method: GET, Route: /]
in APPPATH\Controllers\Home.php on line 3.
 1 APPPATH\Controllers\Home.php(3): define('BASEPATH')
 2 SYSTEMPATH\Autoloader\Autoloader.php(315): include_once('C:\\Users\\NCGC\\Desktop\\XAMPP\\htdocs\\ITE311-MARAÑAN\\app\\Controllers\\Home.php')
 3 SYSTEMPATH\Autoloader\Autoloader.php(295): CodeIgniter\Autoloader\Autoloader->includeFile('C:\\Users\\NCGC\\Desktop\\XAMPP\\htdocs\\ITE311-MARAÑAN\\app\\Controllers\\Home.php')
 4 SYSTEMPATH\Autoloader\Autoloader.php(271): CodeIgniter\Autoloader\Autoloader->loadInNamespace('App\\Controllers\\Home')
 5 [internal function]: CodeIgniter\Autoloader\Autoloader->loadClass('App\\Controllers\\Home')
 6 SYSTEMPATH\CodeIgniter.php(885): class_exists('\\App\\Controllers\\Home', true)
 7 SYSTEMPATH\CodeIgniter.php(494): CodeIgniter\CodeIgniter->startController()
 8 SYSTEMPATH\CodeIgniter.php(354): CodeIgniter\CodeIgniter->handleRequest(null, Object(Config\Cache), false)
 9 SYSTEMPATH\Boot.php(363): CodeIgniter\CodeIgniter->run()
10 SYSTEMPATH\Boot.php(68): CodeIgniter\Boot::runCodeIgniter(Object(CodeIgniter\CodeIgniter))
11 FCPATH\index.php(59): CodeIgniter\Boot::bootWeb(Object(Config\Paths))
CRITICAL - 2025-08-06 06:22:27 --> ArgumentCountError: define() expects at least 2 arguments, 1 given
[Method: GET, Route: /]
in APPPATH\Controllers\Home.php on line 3.
 1 APPPATH\Controllers\Home.php(3): define('BASEPATH')
 2 SYSTEMPATH\Autoloader\Autoloader.php(315): include_once('C:\\Users\\NCGC\\Desktop\\XAMPP\\htdocs\\ITE311-MARAÑAN\\app\\Controllers\\Home.php')
 3 SYSTEMPATH\Autoloader\Autoloader.php(295): CodeIgniter\Autoloader\Autoloader->includeFile('C:\\Users\\NCGC\\Desktop\\XAMPP\\htdocs\\ITE311-MARAÑAN\\app\\Controllers\\Home.php')
 4 SYSTEMPATH\Autoloader\Autoloader.php(271): CodeIgniter\Autoloader\Autoloader->loadInNamespace('App\\Controllers\\Home')
 5 [internal function]: CodeIgniter\Autoloader\Autoloader->loadClass('App\\Controllers\\Home')
 6 SYSTEMPATH\CodeIgniter.php(885): class_exists('\\App\\Controllers\\Home', true)
 7 SYSTEMPATH\CodeIgniter.php(494): CodeIgniter\CodeIgniter->startController()
 8 SYSTEMPATH\CodeIgniter.php(354): CodeIgniter\CodeIgniter->handleRequest(null, Object(Config\Cache), false)
 9 SYSTEMPATH\Boot.php(363): CodeIgniter\CodeIgniter->run()
10 SYSTEMPATH\Boot.php(68): CodeIgniter\Boot::runCodeIgniter(Object(CodeIgniter\CodeIgniter))
11 FCPATH\index.php(59): CodeIgniter\Boot::bootWeb(Object(Config\Paths))
CRITICAL - 2025-08-06 06:22:41 --> ArgumentCountError: define() expects at least 2 arguments, 1 given
[Method: GET, Route: /]
in APPPATH\Controllers\Home.php on line 3.
 1 APPPATH\Controllers\Home.php(3): define('BASEPATH')
 2 SYSTEMPATH\Autoloader\Autoloader.php(315): include_once('C:\\Users\\NCGC\\Desktop\\XAMPP\\htdocs\\ITE311-MARAÑAN\\app\\Controllers\\Home.php')
 3 SYSTEMPATH\Autoloader\Autoloader.php(295): CodeIgniter\Autoloader\Autoloader->includeFile('C:\\Users\\NCGC\\Desktop\\XAMPP\\htdocs\\ITE311-MARAÑAN\\app\\Controllers\\Home.php')
 4 SYSTEMPATH\Autoloader\Autoloader.php(271): CodeIgniter\Autoloader\Autoloader->loadInNamespace('App\\Controllers\\Home')
 5 [internal function]: CodeIgniter\Autoloader\Autoloader->loadClass('App\\Controllers\\Home')
 6 SYSTEMPATH\CodeIgniter.php(885): class_exists('\\App\\Controllers\\Home', true)
 7 SYSTEMPATH\CodeIgniter.php(494): CodeIgniter\CodeIgniter->startController()
 8 SYSTEMPATH\CodeIgniter.php(354): CodeIgniter\CodeIgniter->handleRequest(null, Object(Config\Cache), false)
 9 SYSTEMPATH\Boot.php(363): CodeIgniter\CodeIgniter->run()
10 SYSTEMPATH\Boot.php(68): CodeIgniter\Boot::runCodeIgniter(Object(CodeIgniter\CodeIgniter))
11 FCPATH\index.php(59): CodeIgniter\Boot::bootWeb(Object(Config\Paths))
CRITICAL - 2025-08-06 06:26:37 --> ArgumentCountError: define() expects at least 2 arguments, 1 given
[Method: GET, Route: /]
in APPPATH\Controllers\Home.php on line 3.
 1 APPPATH\Controllers\Home.php(3): define('BASEPATH')
 2 SYSTEMPATH\Autoloader\Autoloader.php(315): include_once('C:\\Users\\NCGC\\Desktop\\XAMPP\\htdocs\\ITE311-MARAÑAN\\app\\Controllers\\Home.php')
 3 SYSTEMPATH\Autoloader\Autoloader.php(295): CodeIgniter\Autoloader\Autoloader->includeFile('C:\\Users\\NCGC\\Desktop\\XAMPP\\htdocs\\ITE311-MARAÑAN\\app\\Controllers\\Home.php')
 4 SYSTEMPATH\Autoloader\Autoloader.php(271): CodeIgniter\Autoloader\Autoloader->loadInNamespace('App\\Controllers\\Home')
 5 [internal function]: CodeIgniter\Autoloader\Autoloader->loadClass('App\\Controllers\\Home')
 6 SYSTEMPATH\CodeIgniter.php(885): class_exists('\\App\\Controllers\\Home', true)
 7 SYSTEMPATH\CodeIgniter.php(494): CodeIgniter\CodeIgniter->startController()
 8 SYSTEMPATH\CodeIgniter.php(354): CodeIgniter\CodeIgniter->handleRequest(null, Object(Config\Cache), false)
 9 SYSTEMPATH\Boot.php(363): CodeIgniter\CodeIgniter->run()
10 SYSTEMPATH\Boot.php(68): CodeIgniter\Boot::runCodeIgniter(Object(CodeIgniter\CodeIgniter))
11 FCPATH\index.php(59): CodeIgniter\Boot::bootWeb(Object(Config\Paths))
CRITICAL - 2025-08-06 06:29:09 --> ArgumentCountError: define() expects at least 2 arguments, 1 given
[Method: GET, Route: /]
in APPPATH\Controllers\Home.php on line 3.
 1 APPPATH\Controllers\Home.php(3): define('BASEPATH')
 2 SYSTEMPATH\Autoloader\Autoloader.php(315): include_once('C:\\Users\\NCGC\\Desktop\\XAMPP\\htdocs\\ITE311-MARAÑAN\\app\\Controllers\\Home.php')
 3 SYSTEMPATH\Autoloader\Autoloader.php(295): CodeIgniter\Autoloader\Autoloader->includeFile('C:\\Users\\NCGC\\Desktop\\XAMPP\\htdocs\\ITE311-MARAÑAN\\app\\Controllers\\Home.php')
 4 SYSTEMPATH\Autoloader\Autoloader.php(271): CodeIgniter\Autoloader\Autoloader->loadInNamespace('App\\Controllers\\Home')
 5 [internal function]: CodeIgniter\Autoloader\Autoloader->loadClass('App\\Controllers\\Home')
 6 SYSTEMPATH\CodeIgniter.php(885): class_exists('\\App\\Controllers\\Home', true)
 7 SYSTEMPATH\CodeIgniter.php(494): CodeIgniter\CodeIgniter->startController()
 8 SYSTEMPATH\CodeIgniter.php(354): CodeIgniter\CodeIgniter->handleRequest(null, Object(Config\Cache), false)
 9 SYSTEMPATH\Boot.php(363): CodeIgniter\CodeIgniter->run()
10 SYSTEMPATH\Boot.php(68): CodeIgniter\Boot::runCodeIgniter(Object(CodeIgniter\CodeIgniter))
11 FCPATH\index.php(59): CodeIgniter\Boot::bootWeb(Object(Config\Paths))
CRITICAL - 2025-08-06 06:29:41 --> ArgumentCountError: define() expects at least 2 arguments, 1 given
[Method: GET, Route: /]
in APPPATH\Controllers\Home.php on line 3.
 1 APPPATH\Controllers\Home.php(3): define('BASEPATH')
 2 SYSTEMPATH\Autoloader\Autoloader.php(315): include_once('C:\\Users\\NCGC\\Desktop\\XAMPP\\htdocs\\ITE311-MARAÑAN\\app\\Controllers\\Home.php')
 3 SYSTEMPATH\Autoloader\Autoloader.php(295): CodeIgniter\Autoloader\Autoloader->includeFile('C:\\Users\\NCGC\\Desktop\\XAMPP\\htdocs\\ITE311-MARAÑAN\\app\\Controllers\\Home.php')
 4 SYSTEMPATH\Autoloader\Autoloader.php(271): CodeIgniter\Autoloader\Autoloader->loadInNamespace('App\\Controllers\\Home')
 5 [internal function]: CodeIgniter\Autoloader\Autoloader->loadClass('App\\Controllers\\Home')
 6 SYSTEMPATH\CodeIgniter.php(885): class_exists('\\App\\Controllers\\Home', true)
 7 SYSTEMPATH\CodeIgniter.php(494): CodeIgniter\CodeIgniter->startController()
 8 SYSTEMPATH\CodeIgniter.php(354): CodeIgniter\CodeIgniter->handleRequest(null, Object(Config\Cache), false)
 9 SYSTEMPATH\Boot.php(363): CodeIgniter\CodeIgniter->run()
10 SYSTEMPATH\Boot.php(68): CodeIgniter\Boot::runCodeIgniter(Object(CodeIgniter\CodeIgniter))
11 FCPATH\index.php(59): CodeIgniter\Boot::bootWeb(Object(Config\Paths))
CRITICAL - 2025-08-06 06:30:15 --> ArgumentCountError: define() expects at least 2 arguments, 1 given
[Method: GET, Route: /]
in APPPATH\Controllers\Home.php on line 3.
 1 APPPATH\Controllers\Home.php(3): define('BASEPATH')
 2 SYSTEMPATH\Autoloader\Autoloader.php(315): include_once('C:\\Users\\NCGC\\Desktop\\XAMPP\\htdocs\\ITE311-MARAÑAN\\app\\Controllers\\Home.php')
 3 SYSTEMPATH\Autoloader\Autoloader.php(295): CodeIgniter\Autoloader\Autoloader->includeFile('C:\\Users\\NCGC\\Desktop\\XAMPP\\htdocs\\ITE311-MARAÑAN\\app\\Controllers\\Home.php')
 4 SYSTEMPATH\Autoloader\Autoloader.php(271): CodeIgniter\Autoloader\Autoloader->loadInNamespace('App\\Controllers\\Home')
 5 [internal function]: CodeIgniter\Autoloader\Autoloader->loadClass('App\\Controllers\\Home')
 6 SYSTEMPATH\CodeIgniter.php(885): class_exists('\\App\\Controllers\\Home', true)
 7 SYSTEMPATH\CodeIgniter.php(494): CodeIgniter\CodeIgniter->startController()
 8 SYSTEMPATH\CodeIgniter.php(354): CodeIgniter\CodeIgniter->handleRequest(null, Object(Config\Cache), false)
 9 SYSTEMPATH\Boot.php(363): CodeIgniter\CodeIgniter->run()
10 SYSTEMPATH\Boot.php(68): CodeIgniter\Boot::runCodeIgniter(Object(CodeIgniter\CodeIgniter))
11 FCPATH\index.php(59): CodeIgniter\Boot::bootWeb(Object(Config\Paths))
CRITICAL - 2025-08-06 06:33:35 --> ArgumentCountError: define() expects at least 2 arguments, 1 given
[Method: GET, Route: /]
in APPPATH\Controllers\Home.php on line 3.
 1 APPPATH\Controllers\Home.php(3): define('BASEPATH')
 2 SYSTEMPATH\Autoloader\Autoloader.php(315): include_once('C:\\Users\\NCGC\\Desktop\\XAMPP\\htdocs\\ITE311-MARAÑAN\\app\\Controllers\\Home.php')
 3 SYSTEMPATH\Autoloader\Autoloader.php(295): CodeIgniter\Autoloader\Autoloader->includeFile('C:\\Users\\NCGC\\Desktop\\XAMPP\\htdocs\\ITE311-MARAÑAN\\app\\Controllers\\Home.php')
 4 SYSTEMPATH\Autoloader\Autoloader.php(271): CodeIgniter\Autoloader\Autoloader->loadInNamespace('App\\Controllers\\Home')
 5 [internal function]: CodeIgniter\Autoloader\Autoloader->loadClass('App\\Controllers\\Home')
 6 SYSTEMPATH\CodeIgniter.php(885): class_exists('\\App\\Controllers\\Home', true)
 7 SYSTEMPATH\CodeIgniter.php(494): CodeIgniter\CodeIgniter->startController()
 8 SYSTEMPATH\CodeIgniter.php(354): CodeIgniter\CodeIgniter->handleRequest(null, Object(Config\Cache), false)
 9 SYSTEMPATH\Boot.php(363): CodeIgniter\CodeIgniter->run()
10 SYSTEMPATH\Boot.php(68): CodeIgniter\Boot::runCodeIgniter(Object(CodeIgniter\CodeIgniter))
11 FCPATH\index.php(59): CodeIgniter\Boot::bootWeb(Object(Config\Paths))
CRITICAL - 2025-08-06 06:33:36 --> ArgumentCountError: define() expects at least 2 arguments, 1 given
[Method: GET, Route: /]
in APPPATH\Controllers\Home.php on line 3.
 1 APPPATH\Controllers\Home.php(3): define('BASEPATH')
 2 SYSTEMPATH\Autoloader\Autoloader.php(315): include_once('C:\\Users\\NCGC\\Desktop\\XAMPP\\htdocs\\ITE311-MARAÑAN\\app\\Controllers\\Home.php')
 3 SYSTEMPATH\Autoloader\Autoloader.php(295): CodeIgniter\Autoloader\Autoloader->includeFile('C:\\Users\\NCGC\\Desktop\\XAMPP\\htdocs\\ITE311-MARAÑAN\\app\\Controllers\\Home.php')
 4 SYSTEMPATH\Autoloader\Autoloader.php(271): CodeIgniter\Autoloader\Autoloader->loadInNamespace('App\\Controllers\\Home')
 5 [internal function]: CodeIgniter\Autoloader\Autoloader->loadClass('App\\Controllers\\Home')
 6 SYSTEMPATH\CodeIgniter.php(885): class_exists('\\App\\Controllers\\Home', true)
 7 SYSTEMPATH\CodeIgniter.php(494): CodeIgniter\CodeIgniter->startController()
 8 SYSTEMPATH\CodeIgniter.php(354): CodeIgniter\CodeIgniter->handleRequest(null, Object(Config\Cache), false)
 9 SYSTEMPATH\Boot.php(363): CodeIgniter\CodeIgniter->run()
10 SYSTEMPATH\Boot.php(68): CodeIgniter\Boot::runCodeIgniter(Object(CodeIgniter\CodeIgniter))
11 FCPATH\index.php(59): CodeIgniter\Boot::bootWeb(Object(Config\Paths))
CRITICAL - 2025-08-06 06:33:36 --> ArgumentCountError: define() expects at least 2 arguments, 1 given
[Method: GET, Route: /]
in APPPATH\Controllers\Home.php on line 3.
 1 APPPATH\Controllers\Home.php(3): define('BASEPATH')
 2 SYSTEMPATH\Autoloader\Autoloader.php(315): include_once('C:\\Users\\NCGC\\Desktop\\XAMPP\\htdocs\\ITE311-MARAÑAN\\app\\Controllers\\Home.php')
 3 SYSTEMPATH\Autoloader\Autoloader.php(295): CodeIgniter\Autoloader\Autoloader->includeFile('C:\\Users\\NCGC\\Desktop\\XAMPP\\htdocs\\ITE311-MARAÑAN\\app\\Controllers\\Home.php')
 4 SYSTEMPATH\Autoloader\Autoloader.php(271): CodeIgniter\Autoloader\Autoloader->loadInNamespace('App\\Controllers\\Home')
 5 [internal function]: CodeIgniter\Autoloader\Autoloader->loadClass('App\\Controllers\\Home')
 6 SYSTEMPATH\CodeIgniter.php(885): class_exists('\\App\\Controllers\\Home', true)
 7 SYSTEMPATH\CodeIgniter.php(494): CodeIgniter\CodeIgniter->startController()
 8 SYSTEMPATH\CodeIgniter.php(354): CodeIgniter\CodeIgniter->handleRequest(null, Object(Config\Cache), false)
 9 SYSTEMPATH\Boot.php(363): CodeIgniter\CodeIgniter->run()
10 SYSTEMPATH\Boot.php(68): CodeIgniter\Boot::runCodeIgniter(Object(CodeIgniter\CodeIgniter))
11 FCPATH\index.php(59): CodeIgniter\Boot::bootWeb(Object(Config\Paths))
CRITICAL - 2025-08-06 06:33:37 --> ArgumentCountError: define() expects at least 2 arguments, 1 given
[Method: GET, Route: /]
in APPPATH\Controllers\Home.php on line 3.
 1 APPPATH\Controllers\Home.php(3): define('BASEPATH')
 2 SYSTEMPATH\Autoloader\Autoloader.php(315): include_once('C:\\Users\\NCGC\\Desktop\\XAMPP\\htdocs\\ITE311-MARAÑAN\\app\\Controllers\\Home.php')
 3 SYSTEMPATH\Autoloader\Autoloader.php(295): CodeIgniter\Autoloader\Autoloader->includeFile('C:\\Users\\NCGC\\Desktop\\XAMPP\\htdocs\\ITE311-MARAÑAN\\app\\Controllers\\Home.php')
 4 SYSTEMPATH\Autoloader\Autoloader.php(271): CodeIgniter\Autoloader\Autoloader->loadInNamespace('App\\Controllers\\Home')
 5 [internal function]: CodeIgniter\Autoloader\Autoloader->loadClass('App\\Controllers\\Home')
 6 SYSTEMPATH\CodeIgniter.php(885): class_exists('\\App\\Controllers\\Home', true)
 7 SYSTEMPATH\CodeIgniter.php(494): CodeIgniter\CodeIgniter->startController()
 8 SYSTEMPATH\CodeIgniter.php(354): CodeIgniter\CodeIgniter->handleRequest(null, Object(Config\Cache), false)
 9 SYSTEMPATH\Boot.php(363): CodeIgniter\CodeIgniter->run()
10 SYSTEMPATH\Boot.php(68): CodeIgniter\Boot::runCodeIgniter(Object(CodeIgniter\CodeIgniter))
11 FCPATH\index.php(59): CodeIgniter\Boot::bootWeb(Object(Config\Paths))
CRITICAL - 2025-08-06 06:33:37 --> ArgumentCountError: define() expects at least 2 arguments, 1 given
[Method: GET, Route: /]
in APPPATH\Controllers\Home.php on line 3.
 1 APPPATH\Controllers\Home.php(3): define('BASEPATH')
 2 SYSTEMPATH\Autoloader\Autoloader.php(315): include_once('C:\\Users\\NCGC\\Desktop\\XAMPP\\htdocs\\ITE311-MARAÑAN\\app\\Controllers\\Home.php')
 3 SYSTEMPATH\Autoloader\Autoloader.php(295): CodeIgniter\Autoloader\Autoloader->includeFile('C:\\Users\\NCGC\\Desktop\\XAMPP\\htdocs\\ITE311-MARAÑAN\\app\\Controllers\\Home.php')
 4 SYSTEMPATH\Autoloader\Autoloader.php(271): CodeIgniter\Autoloader\Autoloader->loadInNamespace('App\\Controllers\\Home')
 5 [internal function]: CodeIgniter\Autoloader\Autoloader->loadClass('App\\Controllers\\Home')
 6 SYSTEMPATH\CodeIgniter.php(885): class_exists('\\App\\Controllers\\Home', true)
 7 SYSTEMPATH\CodeIgniter.php(494): CodeIgniter\CodeIgniter->startController()
 8 SYSTEMPATH\CodeIgniter.php(354): CodeIgniter\CodeIgniter->handleRequest(null, Object(Config\Cache), false)
 9 SYSTEMPATH\Boot.php(363): CodeIgniter\CodeIgniter->run()
10 SYSTEMPATH\Boot.php(68): CodeIgniter\Boot::runCodeIgniter(Object(CodeIgniter\CodeIgniter))
11 FCPATH\index.php(59): CodeIgniter\Boot::bootWeb(Object(Config\Paths))
CRITICAL - 2025-08-06 06:33:37 --> ArgumentCountError: define() expects at least 2 arguments, 1 given
[Method: GET, Route: /]
in APPPATH\Controllers\Home.php on line 3.
 1 APPPATH\Controllers\Home.php(3): define('BASEPATH')
 2 SYSTEMPATH\Autoloader\Autoloader.php(315): include_once('C:\\Users\\NCGC\\Desktop\\XAMPP\\htdocs\\ITE311-MARAÑAN\\app\\Controllers\\Home.php')
 3 SYSTEMPATH\Autoloader\Autoloader.php(295): CodeIgniter\Autoloader\Autoloader->includeFile('C:\\Users\\NCGC\\Desktop\\XAMPP\\htdocs\\ITE311-MARAÑAN\\app\\Controllers\\Home.php')
 4 SYSTEMPATH\Autoloader\Autoloader.php(271): CodeIgniter\Autoloader\Autoloader->loadInNamespace('App\\Controllers\\Home')
 5 [internal function]: CodeIgniter\Autoloader\Autoloader->loadClass('App\\Controllers\\Home')
 6 SYSTEMPATH\CodeIgniter.php(885): class_exists('\\App\\Controllers\\Home', true)
 7 SYSTEMPATH\CodeIgniter.php(494): CodeIgniter\CodeIgniter->startController()
 8 SYSTEMPATH\CodeIgniter.php(354): CodeIgniter\CodeIgniter->handleRequest(null, Object(Config\Cache), false)
 9 SYSTEMPATH\Boot.php(363): CodeIgniter\CodeIgniter->run()
10 SYSTEMPATH\Boot.php(68): CodeIgniter\Boot::runCodeIgniter(Object(CodeIgniter\CodeIgniter))
11 FCPATH\index.php(59): CodeIgniter\Boot::bootWeb(Object(Config\Paths))
CRITICAL - 2025-08-06 06:33:37 --> ArgumentCountError: define() expects at least 2 arguments, 1 given
[Method: GET, Route: /]
in APPPATH\Controllers\Home.php on line 3.
 1 APPPATH\Controllers\Home.php(3): define('BASEPATH')
 2 SYSTEMPATH\Autoloader\Autoloader.php(315): include_once('C:\\Users\\NCGC\\Desktop\\XAMPP\\htdocs\\ITE311-MARAÑAN\\app\\Controllers\\Home.php')
 3 SYSTEMPATH\Autoloader\Autoloader.php(295): CodeIgniter\Autoloader\Autoloader->includeFile('C:\\Users\\NCGC\\Desktop\\XAMPP\\htdocs\\ITE311-MARAÑAN\\app\\Controllers\\Home.php')
 4 SYSTEMPATH\Autoloader\Autoloader.php(271): CodeIgniter\Autoloader\Autoloader->loadInNamespace('App\\Controllers\\Home')
 5 [internal function]: CodeIgniter\Autoloader\Autoloader->loadClass('App\\Controllers\\Home')
 6 SYSTEMPATH\CodeIgniter.php(885): class_exists('\\App\\Controllers\\Home', true)
 7 SYSTEMPATH\CodeIgniter.php(494): CodeIgniter\CodeIgniter->startController()
 8 SYSTEMPATH\CodeIgniter.php(354): CodeIgniter\CodeIgniter->handleRequest(null, Object(Config\Cache), false)
 9 SYSTEMPATH\Boot.php(363): CodeIgniter\CodeIgniter->run()
10 SYSTEMPATH\Boot.php(68): CodeIgniter\Boot::runCodeIgniter(Object(CodeIgniter\CodeIgniter))
11 FCPATH\index.php(59): CodeIgniter\Boot::bootWeb(Object(Config\Paths))
CRITICAL - 2025-08-06 06:33:37 --> ArgumentCountError: define() expects at least 2 arguments, 1 given
[Method: GET, Route: /]
in APPPATH\Controllers\Home.php on line 3.
 1 APPPATH\Controllers\Home.php(3): define('BASEPATH')
 2 SYSTEMPATH\Autoloader\Autoloader.php(315): include_once('C:\\Users\\NCGC\\Desktop\\XAMPP\\htdocs\\ITE311-MARAÑAN\\app\\Controllers\\Home.php')
 3 SYSTEMPATH\Autoloader\Autoloader.php(295): CodeIgniter\Autoloader\Autoloader->includeFile('C:\\Users\\NCGC\\Desktop\\XAMPP\\htdocs\\ITE311-MARAÑAN\\app\\Controllers\\Home.php')
 4 SYSTEMPATH\Autoloader\Autoloader.php(271): CodeIgniter\Autoloader\Autoloader->loadInNamespace('App\\Controllers\\Home')
 5 [internal function]: CodeIgniter\Autoloader\Autoloader->loadClass('App\\Controllers\\Home')
 6 SYSTEMPATH\CodeIgniter.php(885): class_exists('\\App\\Controllers\\Home', true)
 7 SYSTEMPATH\CodeIgniter.php(494): CodeIgniter\CodeIgniter->startController()
 8 SYSTEMPATH\CodeIgniter.php(354): CodeIgniter\CodeIgniter->handleRequest(null, Object(Config\Cache), false)
 9 SYSTEMPATH\Boot.php(363): CodeIgniter\CodeIgniter->run()
10 SYSTEMPATH\Boot.php(68): CodeIgniter\Boot::runCodeIgniter(Object(CodeIgniter\CodeIgniter))
11 FCPATH\index.php(59): CodeIgniter\Boot::bootWeb(Object(Config\Paths))
CRITICAL - 2025-08-06 06:34:06 --> ArgumentCountError: define() expects at least 2 arguments, 1 given
[Method: GET, Route: /]
in APPPATH\Controllers\Home.php on line 3.
 1 APPPATH\Controllers\Home.php(3): define('BASEPATH')
 2 SYSTEMPATH\Autoloader\Autoloader.php(315): include_once('C:\\Users\\NCGC\\Desktop\\XAMPP\\htdocs\\ITE311-MARAÑAN\\app\\Controllers\\Home.php')
 3 SYSTEMPATH\Autoloader\Autoloader.php(295): CodeIgniter\Autoloader\Autoloader->includeFile('C:\\Users\\NCGC\\Desktop\\XAMPP\\htdocs\\ITE311-MARAÑAN\\app\\Controllers\\Home.php')
 4 SYSTEMPATH\Autoloader\Autoloader.php(271): CodeIgniter\Autoloader\Autoloader->loadInNamespace('App\\Controllers\\Home')
 5 [internal function]: CodeIgniter\Autoloader\Autoloader->loadClass('App\\Controllers\\Home')
 6 SYSTEMPATH\CodeIgniter.php(885): class_exists('\\App\\Controllers\\Home', true)
 7 SYSTEMPATH\CodeIgniter.php(494): CodeIgniter\CodeIgniter->startController()
 8 SYSTEMPATH\CodeIgniter.php(354): CodeIgniter\CodeIgniter->handleRequest(null, Object(Config\Cache), false)
 9 SYSTEMPATH\Boot.php(363): CodeIgniter\CodeIgniter->run()
10 SYSTEMPATH\Boot.php(68): CodeIgniter\Boot::runCodeIgniter(Object(CodeIgniter\CodeIgniter))
11 FCPATH\index.php(59): CodeIgniter\Boot::bootWeb(Object(Config\Paths))
CRITICAL - 2025-08-06 06:34:06 --> ArgumentCountError: define() expects at least 2 arguments, 1 given
[Method: GET, Route: /]
in APPPATH\Controllers\Home.php on line 3.
 1 APPPATH\Controllers\Home.php(3): define('BASEPATH')
 2 SYSTEMPATH\Autoloader\Autoloader.php(315): include_once('C:\\Users\\NCGC\\Desktop\\XAMPP\\htdocs\\ITE311-MARAÑAN\\app\\Controllers\\Home.php')
 3 SYSTEMPATH\Autoloader\Autoloader.php(295): CodeIgniter\Autoloader\Autoloader->includeFile('C:\\Users\\NCGC\\Desktop\\XAMPP\\htdocs\\ITE311-MARAÑAN\\app\\Controllers\\Home.php')
 4 SYSTEMPATH\Autoloader\Autoloader.php(271): CodeIgniter\Autoloader\Autoloader->loadInNamespace('App\\Controllers\\Home')
 5 [internal function]: CodeIgniter\Autoloader\Autoloader->loadClass('App\\Controllers\\Home')
 6 SYSTEMPATH\CodeIgniter.php(885): class_exists('\\App\\Controllers\\Home', true)
 7 SYSTEMPATH\CodeIgniter.php(494): CodeIgniter\CodeIgniter->startController()
 8 SYSTEMPATH\CodeIgniter.php(354): CodeIgniter\CodeIgniter->handleRequest(null, Object(Config\Cache), false)
 9 SYSTEMPATH\Boot.php(363): CodeIgniter\CodeIgniter->run()
10 SYSTEMPATH\Boot.php(68): CodeIgniter\Boot::runCodeIgniter(Object(CodeIgniter\CodeIgniter))
11 FCPATH\index.php(59): CodeIgniter\Boot::bootWeb(Object(Config\Paths))
CRITICAL - 2025-08-06 06:34:07 --> ArgumentCountError: define() expects at least 2 arguments, 1 given
[Method: GET, Route: /]
in APPPATH\Controllers\Home.php on line 3.
 1 APPPATH\Controllers\Home.php(3): define('BASEPATH')
 2 SYSTEMPATH\Autoloader\Autoloader.php(315): include_once('C:\\Users\\NCGC\\Desktop\\XAMPP\\htdocs\\ITE311-MARAÑAN\\app\\Controllers\\Home.php')
 3 SYSTEMPATH\Autoloader\Autoloader.php(295): CodeIgniter\Autoloader\Autoloader->includeFile('C:\\Users\\NCGC\\Desktop\\XAMPP\\htdocs\\ITE311-MARAÑAN\\app\\Controllers\\Home.php')
 4 SYSTEMPATH\Autoloader\Autoloader.php(271): CodeIgniter\Autoloader\Autoloader->loadInNamespace('App\\Controllers\\Home')
 5 [internal function]: CodeIgniter\Autoloader\Autoloader->loadClass('App\\Controllers\\Home')
 6 SYSTEMPATH\CodeIgniter.php(885): class_exists('\\App\\Controllers\\Home', true)
 7 SYSTEMPATH\CodeIgniter.php(494): CodeIgniter\CodeIgniter->startController()
 8 SYSTEMPATH\CodeIgniter.php(354): CodeIgniter\CodeIgniter->handleRequest(null, Object(Config\Cache), false)
 9 SYSTEMPATH\Boot.php(363): CodeIgniter\CodeIgniter->run()
10 SYSTEMPATH\Boot.php(68): CodeIgniter\Boot::runCodeIgniter(Object(CodeIgniter\CodeIgniter))
11 FCPATH\index.php(59): CodeIgniter\Boot::bootWeb(Object(Config\Paths))
CRITICAL - 2025-08-06 06:34:07 --> ArgumentCountError: define() expects at least 2 arguments, 1 given
[Method: GET, Route: /]
in APPPATH\Controllers\Home.php on line 3.
 1 APPPATH\Controllers\Home.php(3): define('BASEPATH')
 2 SYSTEMPATH\Autoloader\Autoloader.php(315): include_once('C:\\Users\\NCGC\\Desktop\\XAMPP\\htdocs\\ITE311-MARAÑAN\\app\\Controllers\\Home.php')
 3 SYSTEMPATH\Autoloader\Autoloader.php(295): CodeIgniter\Autoloader\Autoloader->includeFile('C:\\Users\\NCGC\\Desktop\\XAMPP\\htdocs\\ITE311-MARAÑAN\\app\\Controllers\\Home.php')
 4 SYSTEMPATH\Autoloader\Autoloader.php(271): CodeIgniter\Autoloader\Autoloader->loadInNamespace('App\\Controllers\\Home')
 5 [internal function]: CodeIgniter\Autoloader\Autoloader->loadClass('App\\Controllers\\Home')
 6 SYSTEMPATH\CodeIgniter.php(885): class_exists('\\App\\Controllers\\Home', true)
 7 SYSTEMPATH\CodeIgniter.php(494): CodeIgniter\CodeIgniter->startController()
 8 SYSTEMPATH\CodeIgniter.php(354): CodeIgniter\CodeIgniter->handleRequest(null, Object(Config\Cache), false)
 9 SYSTEMPATH\Boot.php(363): CodeIgniter\CodeIgniter->run()
10 SYSTEMPATH\Boot.php(68): CodeIgniter\Boot::runCodeIgniter(Object(CodeIgniter\CodeIgniter))
11 FCPATH\index.php(59): CodeIgniter\Boot::bootWeb(Object(Config\Paths))
CRITICAL - 2025-08-06 06:34:14 --> ArgumentCountError: define() expects at least 2 arguments, 1 given
[Method: GET, Route: /]
in APPPATH\Controllers\Home.php on line 3.
 1 APPPATH\Controllers\Home.php(3): define('BASEPATH')
 2 SYSTEMPATH\Autoloader\Autoloader.php(315): include_once('C:\\Users\\NCGC\\Desktop\\XAMPP\\htdocs\\ITE311-MARAÑAN\\app\\Controllers\\Home.php')
 3 SYSTEMPATH\Autoloader\Autoloader.php(295): CodeIgniter\Autoloader\Autoloader->includeFile('C:\\Users\\NCGC\\Desktop\\XAMPP\\htdocs\\ITE311-MARAÑAN\\app\\Controllers\\Home.php')
 4 SYSTEMPATH\Autoloader\Autoloader.php(271): CodeIgniter\Autoloader\Autoloader->loadInNamespace('App\\Controllers\\Home')
 5 [internal function]: CodeIgniter\Autoloader\Autoloader->loadClass('App\\Controllers\\Home')
 6 SYSTEMPATH\CodeIgniter.php(885): class_exists('\\App\\Controllers\\Home', true)
 7 SYSTEMPATH\CodeIgniter.php(494): CodeIgniter\CodeIgniter->startController()
 8 SYSTEMPATH\CodeIgniter.php(354): CodeIgniter\CodeIgniter->handleRequest(null, Object(Config\Cache), false)
 9 SYSTEMPATH\Boot.php(363): CodeIgniter\CodeIgniter->run()
10 SYSTEMPATH\Boot.php(68): CodeIgniter\Boot::runCodeIgniter(Object(CodeIgniter\CodeIgniter))
11 FCPATH\index.php(59): CodeIgniter\Boot::bootWeb(Object(Config\Paths))
CRITICAL - 2025-08-06 06:34:14 --> ArgumentCountError: define() expects at least 2 arguments, 1 given
[Method: GET, Route: /]
in APPPATH\Controllers\Home.php on line 3.
 1 APPPATH\Controllers\Home.php(3): define('BASEPATH')
 2 SYSTEMPATH\Autoloader\Autoloader.php(315): include_once('C:\\Users\\NCGC\\Desktop\\XAMPP\\htdocs\\ITE311-MARAÑAN\\app\\Controllers\\Home.php')
 3 SYSTEMPATH\Autoloader\Autoloader.php(295): CodeIgniter\Autoloader\Autoloader->includeFile('C:\\Users\\NCGC\\Desktop\\XAMPP\\htdocs\\ITE311-MARAÑAN\\app\\Controllers\\Home.php')
 4 SYSTEMPATH\Autoloader\Autoloader.php(271): CodeIgniter\Autoloader\Autoloader->loadInNamespace('App\\Controllers\\Home')
 5 [internal function]: CodeIgniter\Autoloader\Autoloader->loadClass('App\\Controllers\\Home')
 6 SYSTEMPATH\CodeIgniter.php(885): class_exists('\\App\\Controllers\\Home', true)
 7 SYSTEMPATH\CodeIgniter.php(494): CodeIgniter\CodeIgniter->startController()
 8 SYSTEMPATH\CodeIgniter.php(354): CodeIgniter\CodeIgniter->handleRequest(null, Object(Config\Cache), false)
 9 SYSTEMPATH\Boot.php(363): CodeIgniter\CodeIgniter->run()
10 SYSTEMPATH\Boot.php(68): CodeIgniter\Boot::runCodeIgniter(Object(CodeIgniter\CodeIgniter))
11 FCPATH\index.php(59): CodeIgniter\Boot::bootWeb(Object(Config\Paths))
CRITICAL - 2025-08-06 06:34:14 --> ArgumentCountError: define() expects at least 2 arguments, 1 given
[Method: GET, Route: /]
in APPPATH\Controllers\Home.php on line 3.
 1 APPPATH\Controllers\Home.php(3): define('BASEPATH')
 2 SYSTEMPATH\Autoloader\Autoloader.php(315): include_once('C:\\Users\\NCGC\\Desktop\\XAMPP\\htdocs\\ITE311-MARAÑAN\\app\\Controllers\\Home.php')
 3 SYSTEMPATH\Autoloader\Autoloader.php(295): CodeIgniter\Autoloader\Autoloader->includeFile('C:\\Users\\NCGC\\Desktop\\XAMPP\\htdocs\\ITE311-MARAÑAN\\app\\Controllers\\Home.php')
 4 SYSTEMPATH\Autoloader\Autoloader.php(271): CodeIgniter\Autoloader\Autoloader->loadInNamespace('App\\Controllers\\Home')
 5 [internal function]: CodeIgniter\Autoloader\Autoloader->loadClass('App\\Controllers\\Home')
 6 SYSTEMPATH\CodeIgniter.php(885): class_exists('\\App\\Controllers\\Home', true)
 7 SYSTEMPATH\CodeIgniter.php(494): CodeIgniter\CodeIgniter->startController()
 8 SYSTEMPATH\CodeIgniter.php(354): CodeIgniter\CodeIgniter->handleRequest(null, Object(Config\Cache), false)
 9 SYSTEMPATH\Boot.php(363): CodeIgniter\CodeIgniter->run()
10 SYSTEMPATH\Boot.php(68): CodeIgniter\Boot::runCodeIgniter(Object(CodeIgniter\CodeIgniter))
11 FCPATH\index.php(59): CodeIgniter\Boot::bootWeb(Object(Config\Paths))
CRITICAL - 2025-08-06 06:34:14 --> ArgumentCountError: define() expects at least 2 arguments, 1 given
[Method: GET, Route: /]
in APPPATH\Controllers\Home.php on line 3.
 1 APPPATH\Controllers\Home.php(3): define('BASEPATH')
 2 SYSTEMPATH\Autoloader\Autoloader.php(315): include_once('C:\\Users\\NCGC\\Desktop\\XAMPP\\htdocs\\ITE311-MARAÑAN\\app\\Controllers\\Home.php')
 3 SYSTEMPATH\Autoloader\Autoloader.php(295): CodeIgniter\Autoloader\Autoloader->includeFile('C:\\Users\\NCGC\\Desktop\\XAMPP\\htdocs\\ITE311-MARAÑAN\\app\\Controllers\\Home.php')
 4 SYSTEMPATH\Autoloader\Autoloader.php(271): CodeIgniter\Autoloader\Autoloader->loadInNamespace('App\\Controllers\\Home')
 5 [internal function]: CodeIgniter\Autoloader\Autoloader->loadClass('App\\Controllers\\Home')
 6 SYSTEMPATH\CodeIgniter.php(885): class_exists('\\App\\Controllers\\Home', true)
 7 SYSTEMPATH\CodeIgniter.php(494): CodeIgniter\CodeIgniter->startController()
 8 SYSTEMPATH\CodeIgniter.php(354): CodeIgniter\CodeIgniter->handleRequest(null, Object(Config\Cache), false)
 9 SYSTEMPATH\Boot.php(363): CodeIgniter\CodeIgniter->run()
10 SYSTEMPATH\Boot.php(68): CodeIgniter\Boot::runCodeIgniter(Object(CodeIgniter\CodeIgniter))
11 FCPATH\index.php(59): CodeIgniter\Boot::bootWeb(Object(Config\Paths))
CRITICAL - 2025-08-06 06:37:31 --> ArgumentCountError: define() expects at least 2 arguments, 1 given
[Method: GET, Route: /]
in APPPATH\Controllers\Home.php on line 3.
 1 APPPATH\Controllers\Home.php(3): define('BASEPATH')
 2 SYSTEMPATH\Autoloader\Autoloader.php(315): include_once('C:\\Users\\NCGC\\Desktop\\XAMPP\\htdocs\\ITE311-MARAÑAN\\app\\Controllers\\Home.php')
 3 SYSTEMPATH\Autoloader\Autoloader.php(295): CodeIgniter\Autoloader\Autoloader->includeFile('C:\\Users\\NCGC\\Desktop\\XAMPP\\htdocs\\ITE311-MARAÑAN\\app\\Controllers\\Home.php')
 4 SYSTEMPATH\Autoloader\Autoloader.php(271): CodeIgniter\Autoloader\Autoloader->loadInNamespace('App\\Controllers\\Home')
 5 [internal function]: CodeIgniter\Autoloader\Autoloader->loadClass('App\\Controllers\\Home')
 6 SYSTEMPATH\CodeIgniter.php(885): class_exists('\\App\\Controllers\\Home', true)
 7 SYSTEMPATH\CodeIgniter.php(494): CodeIgniter\CodeIgniter->startController()
 8 SYSTEMPATH\CodeIgniter.php(354): CodeIgniter\CodeIgniter->handleRequest(null, Object(Config\Cache), false)
 9 SYSTEMPATH\Boot.php(363): CodeIgniter\CodeIgniter->run()
10 SYSTEMPATH\Boot.php(68): CodeIgniter\Boot::runCodeIgniter(Object(CodeIgniter\CodeIgniter))
11 FCPATH\index.php(59): CodeIgniter\Boot::bootWeb(Object(Config\Paths))
