ERROR - 2025-08-15 13:44:37 --> Error connecting to the database: mysqli_sql_exception: Access denied for user ''@'localhost' (using password: NO) in D:\Users\User\Desktop\xampp\htdocs\ITE311-Marañan\system\Database\MySQLi\Connection.php:201
Stack trace:
#0 D:\Users\User\Desktop\xampp\htdocs\ITE311-Marañan\system\Database\MySQLi\Connection.php(201): mysqli->real_connect('localhost', '', Object(SensitiveParameterValue), 'lms_maranan', 3306, '', 0)
#1 D:\Users\User\Desktop\xampp\htdocs\ITE311-Marañan\system\Database\BaseConnection.php(419): CodeIgniter\Database\MySQLi\Connection->connect(false)
#2 D:\Users\User\Desktop\xampp\htdocs\ITE311-Marañan\system\Database\BaseConnection.php(614): CodeIgniter\Database\BaseConnection->initialize()
#3 D:\Users\User\Desktop\xampp\htdocs\ITE311-Marañan\system\Database\BaseConnection.php(1525): CodeIgniter\Database\BaseConnection->query('SHOW TABLES FRO...')
#4 D:\Users\User\Desktop\xampp\htdocs\ITE311-Marañan\system\Database\BaseConnection.php(1545): CodeIgniter\Database\BaseConnection->listTables()
#5 D:\Users\User\Desktop\xampp\htdocs\ITE311-Marañan\system\Database\MigrationRunner.php(768): CodeIgniter\Database\BaseConnection->tableExists('migrations')
#6 D:\Users\User\Desktop\xampp\htdocs\ITE311-Marañan\system\Database\MigrationRunner.php(162): CodeIgniter\Database\MigrationRunner->ensureTable()
#7 D:\Users\User\Desktop\xampp\htdocs\ITE311-Marañan\system\Commands\Database\Migrate.php(85): CodeIgniter\Database\MigrationRunner->latest(NULL)
#8 D:\Users\User\Desktop\xampp\htdocs\ITE311-Marañan\system\CLI\Commands.php(74): CodeIgniter\Commands\Database\Migrate->run(Array)
#9 D:\Users\User\Desktop\xampp\htdocs\ITE311-Marañan\system\CLI\Console.php(47): CodeIgniter\CLI\Commands->run('migrate', Array)
#10 D:\Users\User\Desktop\xampp\htdocs\ITE311-Marañan\system\Boot.php(388): CodeIgniter\CLI\Console->run()
#11 D:\Users\User\Desktop\xampp\htdocs\ITE311-Marañan\system\Boot.php(133): CodeIgniter\Boot::runCommand(Object(CodeIgniter\CLI\Console))
#12 D:\Users\User\Desktop\xampp\htdocs\ITE311-Marañan\spark(89): CodeIgniter\Boot::bootSpark(Object(Config\Paths))
#13 {main}

Next CodeIgniter\Database\Exceptions\DatabaseException: Access denied for user ''@'localhost' (using password: NO) in D:\Users\User\Desktop\xampp\htdocs\ITE311-Marañan\system\Database\MySQLi\Connection.php:246
Stack trace:
#0 D:\Users\User\Desktop\xampp\htdocs\ITE311-Marañan\system\Database\BaseConnection.php(419): CodeIgniter\Database\MySQLi\Connection->connect(false)
#1 D:\Users\User\Desktop\xampp\htdocs\ITE311-Marañan\system\Database\BaseConnection.php(614): CodeIgniter\Database\BaseConnection->initialize()
#2 D:\Users\User\Desktop\xampp\htdocs\ITE311-Marañan\system\Database\BaseConnection.php(1525): CodeIgniter\Database\BaseConnection->query('SHOW TABLES FRO...')
#3 D:\Users\User\Desktop\xampp\htdocs\ITE311-Marañan\system\Database\BaseConnection.php(1545): CodeIgniter\Database\BaseConnection->listTables()
#4 D:\Users\User\Desktop\xampp\htdocs\ITE311-Marañan\system\Database\MigrationRunner.php(768): CodeIgniter\Database\BaseConnection->tableExists('migrations')
#5 D:\Users\User\Desktop\xampp\htdocs\ITE311-Marañan\system\Database\MigrationRunner.php(162): CodeIgniter\Database\MigrationRunner->ensureTable()
#6 D:\Users\User\Desktop\xampp\htdocs\ITE311-Marañan\system\Commands\Database\Migrate.php(85): CodeIgniter\Database\MigrationRunner->latest(NULL)
#7 D:\Users\User\Desktop\xampp\htdocs\ITE311-Marañan\system\CLI\Commands.php(74): CodeIgniter\Commands\Database\Migrate->run(Array)
#8 D:\Users\User\Desktop\xampp\htdocs\ITE311-Marañan\system\CLI\Console.php(47): CodeIgniter\CLI\Commands->run('migrate', Array)
#9 D:\Users\User\Desktop\xampp\htdocs\ITE311-Marañan\system\Boot.php(388): CodeIgniter\CLI\Console->run()
#10 D:\Users\User\Desktop\xampp\htdocs\ITE311-Marañan\system\Boot.php(133): CodeIgniter\Boot::runCommand(Object(CodeIgniter\CLI\Console))
#11 D:\Users\User\Desktop\xampp\htdocs\ITE311-Marañan\spark(89): CodeIgniter\Boot::bootSpark(Object(Config\Paths))
#12 {main}
ERROR - 2025-08-15 14:00:59 --> Error connecting to the database: mysqli_sql_exception: No connection could be made because the target machine actively refused it in D:\Users\User\Desktop\xampp\htdocs\ITE311-Marañan\system\Database\MySQLi\Connection.php:201
Stack trace:
#0 D:\Users\User\Desktop\xampp\htdocs\ITE311-Marañan\system\Database\MySQLi\Connection.php(201): mysqli->real_connect('localhost', 'root', Object(SensitiveParameterValue), 'lms_maranan', 3306, '', 0)
#1 D:\Users\User\Desktop\xampp\htdocs\ITE311-Marañan\system\Database\BaseConnection.php(419): CodeIgniter\Database\MySQLi\Connection->connect(false)
#2 D:\Users\User\Desktop\xampp\htdocs\ITE311-Marañan\system\Database\BaseConnection.php(614): CodeIgniter\Database\BaseConnection->initialize()
#3 D:\Users\User\Desktop\xampp\htdocs\ITE311-Marañan\system\Database\BaseConnection.php(1525): CodeIgniter\Database\BaseConnection->query('SHOW TABLES FRO...')
#4 D:\Users\User\Desktop\xampp\htdocs\ITE311-Marañan\system\Database\BaseConnection.php(1545): CodeIgniter\Database\BaseConnection->listTables()
#5 D:\Users\User\Desktop\xampp\htdocs\ITE311-Marañan\system\Database\MigrationRunner.php(768): CodeIgniter\Database\BaseConnection->tableExists('migrations')
#6 D:\Users\User\Desktop\xampp\htdocs\ITE311-Marañan\system\Database\MigrationRunner.php(162): CodeIgniter\Database\MigrationRunner->ensureTable()
#7 D:\Users\User\Desktop\xampp\htdocs\ITE311-Marañan\system\Commands\Database\Migrate.php(85): CodeIgniter\Database\MigrationRunner->latest(NULL)
#8 D:\Users\User\Desktop\xampp\htdocs\ITE311-Marañan\system\CLI\Commands.php(74): CodeIgniter\Commands\Database\Migrate->run(Array)
#9 D:\Users\User\Desktop\xampp\htdocs\ITE311-Marañan\system\CLI\Console.php(47): CodeIgniter\CLI\Commands->run('migrate', Array)
#10 D:\Users\User\Desktop\xampp\htdocs\ITE311-Marañan\system\Boot.php(388): CodeIgniter\CLI\Console->run()
#11 D:\Users\User\Desktop\xampp\htdocs\ITE311-Marañan\system\Boot.php(133): CodeIgniter\Boot::runCommand(Object(CodeIgniter\CLI\Console))
#12 D:\Users\User\Desktop\xampp\htdocs\ITE311-Marañan\spark(89): CodeIgniter\Boot::bootSpark(Object(Config\Paths))
#13 {main}

Next CodeIgniter\Database\Exceptions\DatabaseException: No connection could be made because the target machine actively refused it in D:\Users\User\Desktop\xampp\htdocs\ITE311-Marañan\system\Database\MySQLi\Connection.php:246
Stack trace:
#0 D:\Users\User\Desktop\xampp\htdocs\ITE311-Marañan\system\Database\BaseConnection.php(419): CodeIgniter\Database\MySQLi\Connection->connect(false)
#1 D:\Users\User\Desktop\xampp\htdocs\ITE311-Marañan\system\Database\BaseConnection.php(614): CodeIgniter\Database\BaseConnection->initialize()
#2 D:\Users\User\Desktop\xampp\htdocs\ITE311-Marañan\system\Database\BaseConnection.php(1525): CodeIgniter\Database\BaseConnection->query('SHOW TABLES FRO...')
#3 D:\Users\User\Desktop\xampp\htdocs\ITE311-Marañan\system\Database\BaseConnection.php(1545): CodeIgniter\Database\BaseConnection->listTables()
#4 D:\Users\User\Desktop\xampp\htdocs\ITE311-Marañan\system\Database\MigrationRunner.php(768): CodeIgniter\Database\BaseConnection->tableExists('migrations')
#5 D:\Users\User\Desktop\xampp\htdocs\ITE311-Marañan\system\Database\MigrationRunner.php(162): CodeIgniter\Database\MigrationRunner->ensureTable()
#6 D:\Users\User\Desktop\xampp\htdocs\ITE311-Marañan\system\Commands\Database\Migrate.php(85): CodeIgniter\Database\MigrationRunner->latest(NULL)
#7 D:\Users\User\Desktop\xampp\htdocs\ITE311-Marañan\system\CLI\Commands.php(74): CodeIgniter\Commands\Database\Migrate->run(Array)
#8 D:\Users\User\Desktop\xampp\htdocs\ITE311-Marañan\system\CLI\Console.php(47): CodeIgniter\CLI\Commands->run('migrate', Array)
#9 D:\Users\User\Desktop\xampp\htdocs\ITE311-Marañan\system\Boot.php(388): CodeIgniter\CLI\Console->run()
#10 D:\Users\User\Desktop\xampp\htdocs\ITE311-Marañan\system\Boot.php(133): CodeIgniter\Boot::runCommand(Object(CodeIgniter\CLI\Console))
#11 D:\Users\User\Desktop\xampp\htdocs\ITE311-Marañan\spark(89): CodeIgniter\Boot::bootSpark(Object(Config\Paths))
#12 {main}
ERROR - 2025-08-15 14:01:55 --> mysqli_sql_exception: Can't create table `lms_maranan`.`courses` (errno: 150 "Foreign key constraint is incorrectly formed") in D:\Users\User\Desktop\xampp\htdocs\ITE311-Marañan\system\Database\MySQLi\Connection.php:327
Stack trace:
#0 D:\Users\User\Desktop\xampp\htdocs\ITE311-Marañan\system\Database\MySQLi\Connection.php(327): mysqli->query('CREATE TABLE `c...', 0)
#1 D:\Users\User\Desktop\xampp\htdocs\ITE311-Marañan\system\Database\BaseConnection.php(729): CodeIgniter\Database\MySQLi\Connection->execute('CREATE TABLE `c...')
#2 D:\Users\User\Desktop\xampp\htdocs\ITE311-Marañan\system\Database\BaseConnection.php(646): CodeIgniter\Database\BaseConnection->simpleQuery('CREATE TABLE `c...')
#3 D:\Users\User\Desktop\xampp\htdocs\ITE311-Marañan\system\Database\Forge.php(570): CodeIgniter\Database\BaseConnection->query('CREATE TABLE `c...')
#4 D:\Users\User\Desktop\xampp\htdocs\ITE311-Marañan\app\Database\Migrations\2025-08-15-134150_CreatCoursesTable.php(21): CodeIgniter\Database\Forge->createTable('courses')
#5 D:\Users\User\Desktop\xampp\htdocs\ITE311-Marañan\system\Database\MigrationRunner.php(876): App\Database\Migrations\CreateCoursesTable->up()
#6 D:\Users\User\Desktop\xampp\htdocs\ITE311-Marañan\system\Database\MigrationRunner.php(182): CodeIgniter\Database\MigrationRunner->migrate('up', Object(stdClass))
#7 D:\Users\User\Desktop\xampp\htdocs\ITE311-Marañan\system\Commands\Database\Migrate.php(85): CodeIgniter\Database\MigrationRunner->latest(NULL)
#8 D:\Users\User\Desktop\xampp\htdocs\ITE311-Marañan\system\CLI\Commands.php(74): CodeIgniter\Commands\Database\Migrate->run(Array)
#9 D:\Users\User\Desktop\xampp\htdocs\ITE311-Marañan\system\CLI\Console.php(47): CodeIgniter\CLI\Commands->run('migrate', Array)
#10 D:\Users\User\Desktop\xampp\htdocs\ITE311-Marañan\system\Boot.php(388): CodeIgniter\CLI\Console->run()
#11 D:\Users\User\Desktop\xampp\htdocs\ITE311-Marañan\system\Boot.php(133): CodeIgniter\Boot::runCommand(Object(CodeIgniter\CLI\Console))
#12 D:\Users\User\Desktop\xampp\htdocs\ITE311-Marañan\spark(89): CodeIgniter\Boot::bootSpark(Object(Config\Paths))
#13 {main}
ERROR - 2025-08-15 14:04:27 --> mysqli_sql_exception: Table 'lms_maranan.users' doesn't exist in D:\Users\User\Desktop\xampp\htdocs\ITE311-Marañan\system\Database\MySQLi\Connection.php:327
Stack trace:
#0 D:\Users\User\Desktop\xampp\htdocs\ITE311-Marañan\system\Database\MySQLi\Connection.php(327): mysqli->query('INSERT INTO `us...', 0)
#1 D:\Users\User\Desktop\xampp\htdocs\ITE311-Marañan\system\Database\BaseConnection.php(729): CodeIgniter\Database\MySQLi\Connection->execute('INSERT INTO `us...')
#2 D:\Users\User\Desktop\xampp\htdocs\ITE311-Marañan\system\Database\BaseConnection.php(646): CodeIgniter\Database\BaseConnection->simpleQuery('INSERT INTO `us...')
#3 D:\Users\User\Desktop\xampp\htdocs\ITE311-Marañan\system\Database\BaseBuilder.php(1841): CodeIgniter\Database\BaseConnection->query('INSERT INTO `us...', NULL, false)
#4 D:\Users\User\Desktop\xampp\htdocs\ITE311-Marañan\system\Database\BaseBuilder.php(2230): CodeIgniter\Database\BaseBuilder->batchExecute('_insertBatch', 100)
#5 D:\Users\User\Desktop\xampp\htdocs\ITE311-Marañan\app\Database\Seeds\UserSeeder.php(32): CodeIgniter\Database\BaseBuilder->insertBatch(Array)
#6 D:\Users\User\Desktop\xampp\htdocs\ITE311-Marañan\system\Database\Seeder.php(149): App\Database\Seeds\UserSeeder->run()
#7 D:\Users\User\Desktop\xampp\htdocs\ITE311-Marañan\system\Commands\Database\Seed.php(79): CodeIgniter\Database\Seeder->call('App\\Database\\Se...')
#8 D:\Users\User\Desktop\xampp\htdocs\ITE311-Marañan\system\CLI\Commands.php(74): CodeIgniter\Commands\Database\Seed->run(Array)
#9 D:\Users\User\Desktop\xampp\htdocs\ITE311-Marañan\system\CLI\Console.php(47): CodeIgniter\CLI\Commands->run('db:seed', Array)
#10 D:\Users\User\Desktop\xampp\htdocs\ITE311-Marañan\system\Boot.php(388): CodeIgniter\CLI\Console->run()
#11 D:\Users\User\Desktop\xampp\htdocs\ITE311-Marañan\system\Boot.php(133): CodeIgniter\Boot::runCommand(Object(CodeIgniter\CLI\Console))
#12 D:\Users\User\Desktop\xampp\htdocs\ITE311-Marañan\spark(89): CodeIgniter\Boot::bootSpark(Object(Config\Paths))
#13 {main}
